#
# There is insufficient memory for the Java Runtime Environment to continue.
# Native memory allocation (malloc) failed to allocate 32744 bytes. Error detail: ChunkPool::allocate
# Possible reasons:
#   The system is out of physical RAM or swap space
#   This process is running with CompressedOops enabled, and the Java Heap may be blocking the growth of the native heap
# Possible solutions:
#   Reduce memory load on the system
#   Increase physical memory or swap space
#   Check if swap backing store is full
#   Decrease Java heap size (-Xmx/-Xms)
#   Decrease number of Java threads
#   Decrease Java thread stack sizes (-Xss)
#   Set larger code cache with -XX:ReservedCodeCacheSize=
#   JVM is running with Unscaled Compressed Oops mode in which the Java heap is
#     placed in the first 4GB address space. The Java Heap base address is the
#     maximum limit for the native heap growth. Please use -XX:HeapBaseMinAddress
#     to set the Java Heap base and to place the Java Heap above 4GB virtual address.
# This output file may be truncated or incomplete.
#
#  Out of Memory Error (arena.cpp:79), pid=56832, tid=52364
#
# JRE version: OpenJDK Runtime Environment Temurin-17.0.13+11 (17.0.13+11) (build 17.0.13+11)
# Java VM: OpenJDK 64-Bit Server VM Temurin-17.0.13+11 (17.0.13+11, mixed mode, tiered, compressed oops, compressed class ptrs, parallel gc, windows-amd64)
# No core dump will be written. Minidumps are not enabled by default on client versions of Windows
#

---------------  S U M M A R Y ------------

Command Line: --add-modules=ALL-SYSTEM --add-opens=java.base/java.util=ALL-UNNAMED --add-opens=java.base/java.lang=ALL-UNNAMED --add-opens=java.base/sun.nio.fs=ALL-UNNAMED -Declipse.application=org.eclipse.jdt.ls.core.id1 -Dosgi.bundles.defaultStartLevel=4 -Declipse.product=org.eclipse.jdt.ls.core.product -Djava.import.generatesMetadataFilesAtProjectRoot=false -DDetectVMInstallationsJob.disabled=true -Dfile.encoding=utf8 -XX:+UseParallelGC -XX:GCTimeRatio=4 -XX:AdaptiveSizePolicyWeight=90 -Dsun.zip.disableMemoryMapping=true -Xmx1G -Xms100m -Xlog:disable -javaagent:c:\Users\yecar\.vscode\extensions\redhat.java-1.36.0-win32-x64\lombok\lombok-1.18.35.jar -XX:+HeapDumpOnOutOfMemoryError -XX:HeapDumpPath=c:\Users\yecar\AppData\Roaming\Code\User\workspaceStorage\6f7b9669e8bb7421ec28483da9bbc9ef\redhat.java -Daether.dependencyCollector.impl=bf c:\Users\yecar\.vscode\extensions\redhat.java-1.36.0-win32-x64\server\plugins\org.eclipse.equinox.launcher_1.6.900.v20240613-2009.jar -configuration c:\Users\yecar\AppData\Roaming\Code\User\globalStorage\redhat.java\1.36.0\config_win -data c:\Users\yecar\AppData\Roaming\Code\User\workspaceStorage\6f7b9669e8bb7421ec28483da9bbc9ef\redhat.java\jdt_ws --pipe=\\.\pipe\lsp-8dcb9efad90b17c7ccd39a30101a83a3-sock

Host: 11th Gen Intel(R) Core(TM) i3-1115G4 @ 3.00GHz, 4 cores, 7G,  Windows 11 , 64 bit Build 22621 (10.0.22621.4391)
Time: Tue Nov 19 11:37:20 2024 Hora est. Pacífico, Sudamérica elapsed time: 482.219813 seconds (0d 0h 8m 2s)

---------------  T H R E A D  ---------------

Current thread (0x0000000016b02f70):  JavaThread "C2 CompilerThread0" daemon [_thread_in_native, id=52364, stack(0x000000001c6d0000,0x000000001c7d0000)]


Current CompileTask:
C2: 482219 13679       4       java.net.URI::decode (380 bytes)

Stack: [0x000000001c6d0000,0x000000001c7d0000]
Native frames: (J=compiled Java code, j=interpreted, Vv=VM code, C=native code)
V  [jvm.dll+0x682a19]
V  [jvm.dll+0x839538]
V  [jvm.dll+0x83afe3]
V  [jvm.dll+0x83b653]
V  [jvm.dll+0x24704f]
V  [jvm.dll+0xad03c]
V  [jvm.dll+0xad4cc]
V  [jvm.dll+0x2a1ab3]
V  [jvm.dll+0x759211]
V  [jvm.dll+0x59cca6]
V  [jvm.dll+0x589267]
V  [jvm.dll+0x220ea2]
V  [jvm.dll+0x219b8b]
V  [jvm.dll+0x21738b]
V  [jvm.dll+0x1a3070]
V  [jvm.dll+0x22788c]
V  [jvm.dll+0x2259eb]
V  [jvm.dll+0x7eec98]
V  [jvm.dll+0x7e8ffc]
V  [jvm.dll+0x6818f7]
C  [ucrtbase.dll+0x29333]
C  [KERNEL32.DLL+0x1259d]
C  [ntdll.dll+0x5af38]


---------------  P R O C E S S  ---------------

Threads class SMR info:
_java_thread_list=0x000000002142a810, length=39, elements={
0x0000000002a81ac0, 0x0000000016ac9030, 0x0000000016ada740, 0x0000000016aeb3e0,
0x0000000016b00e20, 0x0000000016b018f0, 0x0000000016b022c0, 0x0000000016b02f70,
0x000000001bf2fb40, 0x000000001bf32810, 0x000000001c03c030, 0x000000001c1e8930,
0x000000001d1193d0, 0x000000001cead810, 0x000000001ced2110, 0x000000001ce5c700,
0x000000001d1e9590, 0x000000001d19c7e0, 0x000000001d19c2d0, 0x000000001d19b3a0,
0x000000001d19bdc0, 0x000000001d19d710, 0x000000001d19a470, 0x000000001d19a980,
0x00000000200d05a0, 0x00000000200cc3d0, 0x00000000200cbec0, 0x00000000200d0090,
0x00000000200d14d0, 0x00000000200ccdf0, 0x00000000200cf160, 0x000000001e734140,
0x000000001e739c60, 0x000000001e739240, 0x000000001e735fa0, 0x000000001e7369c0,
0x000000001e736ed0, 0x000000001e7378f0, 0x000000001e7373e0
}

Java Threads: ( => current thread )
  0x0000000002a81ac0 JavaThread "main" [_thread_blocked, id=46108, stack(0x0000000002130000,0x0000000002230000)]
  0x0000000016ac9030 JavaThread "Reference Handler" daemon [_thread_blocked, id=53696, stack(0x000000001bba0000,0x000000001bca0000)]
  0x0000000016ada740 JavaThread "Finalizer" daemon [_thread_blocked, id=55556, stack(0x000000001bca0000,0x000000001bda0000)]
  0x0000000016aeb3e0 JavaThread "Signal Dispatcher" daemon [_thread_blocked, id=65372, stack(0x000000001c2d0000,0x000000001c3d0000)]
  0x0000000016b00e20 JavaThread "Attach Listener" daemon [_thread_blocked, id=53608, stack(0x000000001c3d0000,0x000000001c4d0000)]
  0x0000000016b018f0 JavaThread "Service Thread" daemon [_thread_blocked, id=64880, stack(0x000000001c4d0000,0x000000001c5d0000)]
  0x0000000016b022c0 JavaThread "Monitor Deflation Thread" daemon [_thread_blocked, id=65236, stack(0x000000001c5d0000,0x000000001c6d0000)]
=>0x0000000016b02f70 JavaThread "C2 CompilerThread0" daemon [_thread_in_native, id=52364, stack(0x000000001c6d0000,0x000000001c7d0000)]
  0x000000001bf2fb40 JavaThread "C1 CompilerThread0" daemon [_thread_blocked, id=46648, stack(0x000000001c7d0000,0x000000001c8d0000)]
  0x000000001bf32810 JavaThread "Sweeper thread" daemon [_thread_blocked, id=64824, stack(0x000000001c8d0000,0x000000001c9d0000)]
  0x000000001c03c030 JavaThread "Common-Cleaner" daemon [_thread_blocked, id=62828, stack(0x000000001c9d0000,0x000000001cad0000)]
  0x000000001c1e8930 JavaThread "Notification Thread" daemon [_thread_blocked, id=60076, stack(0x000000001d2d0000,0x000000001d3d0000)]
  0x000000001d1193d0 JavaThread "Active Thread: Equinox Container: 5d317903-a5d8-437e-9ee8-5db730d5dd34" [_thread_blocked, id=5920, stack(0x000000001e910000,0x000000001ea10000)]
  0x000000001cead810 JavaThread "Refresh Thread: Equinox Container: 5d317903-a5d8-437e-9ee8-5db730d5dd34" daemon [_thread_blocked, id=55800, stack(0x000000001ea10000,0x000000001eb10000)]
  0x000000001ced2110 JavaThread "Framework Event Dispatcher: Equinox Container: 5d317903-a5d8-437e-9ee8-5db730d5dd34" daemon [_thread_blocked, id=63744, stack(0x000000001eb10000,0x000000001ec10000)]
  0x000000001ce5c700 JavaThread "Start Level: Equinox Container: 5d317903-a5d8-437e-9ee8-5db730d5dd34" daemon [_thread_blocked, id=52524, stack(0x000000001ec10000,0x000000001ed10000)]
  0x000000001d1e9590 JavaThread "Bundle File Closer" daemon [_thread_blocked, id=60576, stack(0x000000001ed10000,0x000000001ee10000)]
  0x000000001d19c7e0 JavaThread "SCR Component Actor" daemon [_thread_blocked, id=65328, stack(0x000000001ee10000,0x000000001ef10000)]
  0x000000001d19c2d0 JavaThread "Worker-JM" [_thread_blocked, id=65192, stack(0x000000001f010000,0x000000001f110000)]
  0x000000001d19b3a0 JavaThread "JNA Cleaner" daemon [_thread_blocked, id=29308, stack(0x000000001f450000,0x000000001f550000)]
  0x000000001d19bdc0 JavaThread "Worker-0" [_thread_blocked, id=46716, stack(0x000000001f650000,0x000000001f750000)]
  0x000000001d19d710 JavaThread "Java indexing" daemon [_thread_blocked, id=63780, stack(0x0000000020c00000,0x0000000020d00000)]
  0x000000001d19a470 JavaThread "Thread-2" daemon [_thread_in_native, id=56064, stack(0x0000000020920000,0x0000000020a20000)]
  0x000000001d19a980 JavaThread "Thread-3" daemon [_thread_in_native, id=59564, stack(0x0000000020a20000,0x0000000020b20000)]
  0x00000000200d05a0 JavaThread "Thread-4" daemon [_thread_in_native, id=51408, stack(0x0000000020d00000,0x0000000020e00000)]
  0x00000000200cc3d0 JavaThread "Thread-5" daemon [_thread_in_native, id=64660, stack(0x0000000021dd0000,0x0000000021ed0000)]
  0x00000000200cbec0 JavaThread "Thread-6" daemon [_thread_in_native, id=57728, stack(0x0000000021ed0000,0x0000000021fd0000)]
  0x00000000200d0090 JavaThread "pool-2-thread-1" [_thread_blocked, id=49196, stack(0x0000000021fd0000,0x00000000220d0000)]
  0x00000000200d14d0 JavaThread "Worker-3" [_thread_blocked, id=61228, stack(0x00000000220d0000,0x00000000221d0000)]
  0x00000000200ccdf0 JavaThread "WorkspaceEventsHandler" [_thread_blocked, id=55352, stack(0x00000000221d0000,0x00000000222d0000)]
  0x00000000200cf160 JavaThread "pool-1-thread-1" [_thread_blocked, id=12152, stack(0x00000000222d0000,0x00000000223d0000)]
  0x000000001e734140 JavaThread "Java Debug Server" daemon [_thread_in_native, id=59536, stack(0x000000001ef10000,0x000000001f010000)]
  0x000000001e739c60 JavaThread "pool-5-thread-1" [_thread_in_native, id=61756, stack(0x000000001f750000,0x000000001f850000)]
  0x000000001e739240 JavaThread "RxSchedulerPurge-1" daemon [_thread_blocked, id=64476, stack(0x000000001f850000,0x000000001f950000)]
  0x000000001e735fa0 JavaThread "RxCachedWorkerPoolEvictor-1" daemon [_thread_blocked, id=59600, stack(0x00000000233a0000,0x00000000234a0000)]
  0x000000001e7369c0 JavaThread "RxNewThreadScheduler-1" daemon [_thread_blocked, id=65296, stack(0x00000000234a0000,0x00000000235a0000)]
  0x000000001e736ed0 JavaThread "process reaper (pid 63768)" daemon [_thread_in_native, id=61076, stack(0x0000000002a10000,0x0000000002a30000)]
  0x000000001e7378f0 JavaThread "ForkJoinPool.commonPool-worker-6" daemon [_thread_blocked, id=60332, stack(0x0000000000630000,0x0000000000730000)]
  0x000000001e7373e0 JavaThread "ForkJoinPool.commonPool-worker-7" daemon [_thread_in_Java, id=64636, stack(0x0000000000730000,0x0000000000830000)]

Other Threads:
  0x0000000002b26c20 VMThread "VM Thread" [stack: 0x000000001baa0000,0x000000001bba0000] [id=57928]
  0x000000001c1d9110 WatcherThread [stack: 0x000000001d3d0000,0x000000001d4d0000] [id=38240]
  0x0000000002a96f50 GCTaskThread "GC Thread#0" [stack: 0x0000000002650000,0x0000000002750000] [id=60924]
  0x000000001cf37370 GCTaskThread "GC Thread#1" [stack: 0x000000001d640000,0x000000001d740000] [id=65048]
  0x000000001d019360 GCTaskThread "GC Thread#2" [stack: 0x000000001d740000,0x000000001d840000] [id=34268]
  0x000000001d019620 GCTaskThread "GC Thread#3" [stack: 0x000000001d840000,0x000000001d940000] [id=59192]

Threads with active compile tasks:
C2 CompilerThread0   482248 13679       4       java.net.URI::decode (380 bytes)

VM state: not at safepoint (normal execution)

VM Mutex/Monitor currently owned by a thread: None

Heap address: 0x00000000c0000000, size: 1024 MB, Compressed Oops mode: 32-bit

CDS archive(s) not mapped
Compressed class space mapped at: 0x0000000100000000-0x0000000140000000, reserved size: 1073741824
Narrow klass base: 0x0000000000000000, Narrow klass shift: 3, Narrow klass range: 0x140000000

GC Precious Log:
 CPUs: 4 total, 4 available
 Memory: 7971M
 Large Page Support: Disabled
 NUMA Support: Disabled
 Compressed Oops: Enabled (32-bit)
 Alignments: Space 512K, Generation 512K, Heap 2M
 Heap Min Capacity: 100M
 Heap Initial Capacity: 100M
 Heap Max Capacity: 1G
 Pre-touch: Disabled
 Parallel Workers: 4

Heap:
 PSYoungGen      total 26112K, used 21089K [0x00000000eab00000, 0x00000000ed000000, 0x0000000100000000)
  eden space 15872K, 68% used [0x00000000eab00000,0x00000000eb59e978,0x00000000eba80000)
  from space 10240K, 99% used [0x00000000ec500000,0x00000000ecef9c60,0x00000000ecf00000)
  to   space 10752K, 0% used [0x00000000eba80000,0x00000000eba80000,0x00000000ec500000)
 ParOldGen       total 280064K, used 236492K [0x00000000c0000000, 0x00000000d1180000, 0x00000000eab00000)
  object space 280064K, 84% used [0x00000000c0000000,0x00000000ce6f32f8,0x00000000d1180000)
 Metaspace       used 79175K, committed 80704K, reserved 1179648K
  class space    used 8390K, committed 9088K, reserved 1048576K

Card table byte_map: [0x0000000002440000,0x0000000002650000] _byte_map_base: 0x0000000001e40000

Marking Bits: (ParMarkBitMap*) 0x00007ffecf6a6940
 Begin Bits: [0x0000000014710000, 0x0000000015710000)
 End Bits:   [0x0000000015710000, 0x0000000016710000)

Polling page: 0x0000000002230000

Metaspace:

Usage:
  Non-class:     69.13 MB used.
      Class:      8.19 MB used.
       Both:     77.32 MB used.

Virtual space:
  Non-class space:      128.00 MB reserved,      69.94 MB ( 55%) committed,  2 nodes.
      Class space:        1.00 GB reserved,       8.88 MB ( <1%) committed,  1 nodes.
             Both:        1.12 GB reserved,      78.81 MB (  7%) committed. 

Chunk freelists:
   Non-Class:  9.69 MB
       Class:  7.14 MB
        Both:  16.83 MB

MaxMetaspaceSize: unlimited
CompressedClassSpaceSize: 1.00 GB
Initial GC threshold: 21.00 MB
Current GC threshold: 120.31 MB
CDS: off
MetaspaceReclaimPolicy: balanced
 - commit_granule_bytes: 65536.
 - commit_granule_words: 8192.
 - virtual_space_node_default_size: 8388608.
 - enlarge_chunks_in_place: 1.
 - new_chunks_are_fully_committed: 0.
 - uncommit_free_chunks: 1.
 - use_allocation_guard: 0.
 - handle_deallocations: 1.


Internal statistics:

num_allocs_failed_limit: 9.
num_arena_births: 1084.
num_arena_deaths: 14.
num_vsnodes_births: 3.
num_vsnodes_deaths: 0.
num_space_committed: 1261.
num_space_uncommitted: 0.
num_chunks_returned_to_freelist: 23.
num_chunks_taken_from_freelist: 4491.
num_chunk_merges: 11.
num_chunk_splits: 2753.
num_chunks_enlarged: 1527.
num_inconsistent_stats: 0.

CodeHeap 'non-profiled nmethods': size=120000Kb used=7454Kb max_used=7809Kb free=112545Kb
 bounds [0x000000000d1e0000, 0x000000000d990000, 0x0000000014710000]
CodeHeap 'profiled nmethods': size=120000Kb used=20039Kb max_used=20877Kb free=99961Kb
 bounds [0x0000000005710000, 0x0000000006b80000, 0x000000000cc40000]
CodeHeap 'non-nmethods': size=5760Kb used=1414Kb max_used=1475Kb free=4346Kb
 bounds [0x000000000cc40000, 0x000000000ceb0000, 0x000000000d1e0000]
 total_blobs=11252 nmethods=10488 adapters=677
 compilation: enabled
              stopped_count=0, restarted_count=0
 full_count=0

Compilation events (20 events):
Event: 480.450 Thread 0x000000001bf2fb40 13672       3       org.eclipse.core.internal.filesystem.FileStoreUtil::comparePathSegments (34 bytes)
Event: 480.450 Thread 0x000000001bf2fb40 nmethod 13672 0x00000000066ff010 code [0x00000000066ff1e0, 0x00000000066ff3e8]
Event: 480.450 Thread 0x000000001bf2fb40 13673       3       org.eclipse.core.internal.resources.AliasManager::findResources (34 bytes)
Event: 480.451 Thread 0x000000001bf2fb40 nmethod 13673 0x0000000006a70690 code [0x0000000006a708e0, 0x0000000006a71348]
Event: 480.453 Thread 0x000000001bf2fb40 13674       1       org.eclipse.jdt.internal.core.MemberElementInfo::getModifiers (5 bytes)
Event: 480.453 Thread 0x000000001bf2fb40 nmethod 13674 0x000000000d60b390 code [0x000000000d60b520, 0x000000000d60b5f8]
Event: 480.453 Thread 0x000000001bf2fb40 13675       1       org.eclipse.jdt.internal.core.PackageFragmentRoot::isExternal (2 bytes)
Event: 480.453 Thread 0x000000001bf2fb40 nmethod 13675 0x000000000d60b090 code [0x000000000d60b220, 0x000000000d60b2f8]
Event: 480.549 Thread 0x0000000016b02f70 nmethod 13668% 0x000000000d845f10 code [0x000000000d8462a0, 0x000000000d8493a0]
Event: 480.549 Thread 0x0000000016b02f70 13669       4       java.net.URI$Parser::scan (76 bytes)
Event: 480.558 Thread 0x0000000016b02f70 nmethod 13669 0x000000000d6d7610 code [0x000000000d6d77c0, 0x000000000d6d7ef8]
Event: 480.559 Thread 0x0000000016b02f70 13676       4       java.util.regex.Pattern$GroupTail::match (111 bytes)
Event: 480.561 Thread 0x0000000016b02f70 nmethod 13676 0x000000000d534410 code [0x000000000d5345a0, 0x000000000d5347d8]
Event: 480.561 Thread 0x0000000016b02f70 13670       4       java.net.URI$Parser::parseHierarchical (178 bytes)
Event: 480.602 Thread 0x0000000016b02f70 nmethod 13670 0x000000000d903e10 code [0x000000000d904080, 0x000000000d9053c0]
Event: 480.962 Thread 0x000000001bf2fb40 13677       3       com.google.gson.reflect.TypeToken::equals (30 bytes)
Event: 480.963 Thread 0x000000001bf2fb40 nmethod 13677 0x000000000693e010 code [0x000000000693e1c0, 0x000000000693e568]
Event: 480.968 Thread 0x0000000016b02f70 13678   !   4       org.eclipse.osgi.internal.container.AtomicLazyInitializer::getInitialized (70 bytes)
Event: 480.971 Thread 0x0000000016b02f70 nmethod 13678 0x000000000d845710 code [0x000000000d8458a0, 0x000000000d845ca8]
Event: 482.190 Thread 0x0000000016b02f70 13679       4       java.net.URI::decode (380 bytes)

GC Heap History (20 events):
Event: 73.201 GC heap before
{Heap before GC invocations=388 (full 17):
 PSYoungGen      total 23552K, used 23552K [0x00000000eab00000, 0x00000000ec680000, 0x0000000100000000)
  eden space 21504K, 100% used [0x00000000eab00000,0x00000000ec000000,0x00000000ec000000)
  from space 2048K, 100% used [0x00000000ec480000,0x00000000ec680000,0x00000000ec680000)
  to   space 3072K, 0% used [0x00000000ec080000,0x00000000ec080000,0x00000000ec380000)
 ParOldGen       total 264704K, used 251525K [0x00000000c0000000, 0x00000000d0280000, 0x00000000eab00000)
  object space 264704K, 95% used [0x00000000c0000000,0x00000000cf5a1558,0x00000000d0280000)
 Metaspace       used 72567K, committed 73984K, reserved 1179648K
  class space    used 7562K, committed 8192K, reserved 1048576K
}
Event: 73.210 GC heap after
{Heap after GC invocations=388 (full 17):
 PSYoungGen      total 24576K, used 3058K [0x00000000eab00000, 0x00000000ee200000, 0x0000000100000000)
  eden space 21504K, 0% used [0x00000000eab00000,0x00000000eab00000,0x00000000ec000000)
  from space 3072K, 99% used [0x00000000ec080000,0x00000000ec37cad0,0x00000000ec380000)
  to   space 17408K, 0% used [0x00000000ed100000,0x00000000ed100000,0x00000000ee200000)
 ParOldGen       total 264704K, used 263345K [0x00000000c0000000, 0x00000000d0280000, 0x00000000eab00000)
  object space 264704K, 99% used [0x00000000c0000000,0x00000000d012c780,0x00000000d0280000)
 Metaspace       used 72567K, committed 73984K, reserved 1179648K
  class space    used 7562K, committed 8192K, reserved 1048576K
}
Event: 73.514 GC heap before
{Heap before GC invocations=389 (full 18):
 PSYoungGen      total 24576K, used 24562K [0x00000000eab00000, 0x00000000ee200000, 0x0000000100000000)
  eden space 21504K, 100% used [0x00000000eab00000,0x00000000ec000000,0x00000000ec000000)
  from space 3072K, 99% used [0x00000000ec080000,0x00000000ec37cad0,0x00000000ec380000)
  to   space 17408K, 0% used [0x00000000ed100000,0x00000000ed100000,0x00000000ee200000)
 ParOldGen       total 264704K, used 263345K [0x00000000c0000000, 0x00000000d0280000, 0x00000000eab00000)
  object space 264704K, 99% used [0x00000000c0000000,0x00000000d012c780,0x00000000d0280000)
 Metaspace       used 72580K, committed 73984K, reserved 1179648K
  class space    used 7563K, committed 8192K, reserved 1048576K
}
Event: 73.648 GC heap after
{Heap after GC invocations=389 (full 18):
 PSYoungGen      total 38912K, used 0K [0x00000000eab00000, 0x00000000ee200000, 0x0000000100000000)
  eden space 21504K, 0% used [0x00000000eab00000,0x00000000eab00000,0x00000000ec000000)
  from space 17408K, 0% used [0x00000000ed100000,0x00000000ed100000,0x00000000ee200000)
  to   space 17408K, 0% used [0x00000000ec000000,0x00000000ec000000,0x00000000ed100000)
 ParOldGen       total 280064K, used 233074K [0x00000000c0000000, 0x00000000d1180000, 0x00000000eab00000)
  object space 280064K, 83% used [0x00000000c0000000,0x00000000ce39c968,0x00000000d1180000)
 Metaspace       used 72580K, committed 73984K, reserved 1179648K
  class space    used 7563K, committed 8192K, reserved 1048576K
}
Event: 74.749 GC heap before
{Heap before GC invocations=390 (full 18):
 PSYoungGen      total 38912K, used 21504K [0x00000000eab00000, 0x00000000ee200000, 0x0000000100000000)
  eden space 21504K, 100% used [0x00000000eab00000,0x00000000ec000000,0x00000000ec000000)
  from space 17408K, 0% used [0x00000000ed100000,0x00000000ed100000,0x00000000ee200000)
  to   space 17408K, 0% used [0x00000000ec000000,0x00000000ec000000,0x00000000ed100000)
 ParOldGen       total 280064K, used 233074K [0x00000000c0000000, 0x00000000d1180000, 0x00000000eab00000)
  object space 280064K, 83% used [0x00000000c0000000,0x00000000ce39c968,0x00000000d1180000)
 Metaspace       used 72594K, committed 74048K, reserved 1179648K
  class space    used 7563K, committed 8192K, reserved 1048576K
}
Event: 74.754 GC heap after
{Heap after GC invocations=390 (full 18):
 PSYoungGen      total 29696K, used 7733K [0x00000000eab00000, 0x00000000ed500000, 0x0000000100000000)
  eden space 21504K, 0% used [0x00000000eab00000,0x00000000eab00000,0x00000000ec000000)
  from space 8192K, 94% used [0x00000000ec000000,0x00000000ec78d540,0x00000000ec800000)
  to   space 10752K, 0% used [0x00000000eca80000,0x00000000eca80000,0x00000000ed500000)
 ParOldGen       total 280064K, used 233082K [0x00000000c0000000, 0x00000000d1180000, 0x00000000eab00000)
  object space 280064K, 83% used [0x00000000c0000000,0x00000000ce39e968,0x00000000d1180000)
 Metaspace       used 72594K, committed 74048K, reserved 1179648K
  class space    used 7563K, committed 8192K, reserved 1048576K
}
Event: 75.037 GC heap before
{Heap before GC invocations=391 (full 18):
 PSYoungGen      total 29696K, used 29234K [0x00000000eab00000, 0x00000000ed500000, 0x0000000100000000)
  eden space 21504K, 99% used [0x00000000eab00000,0x00000000ebfff518,0x00000000ec000000)
  from space 8192K, 94% used [0x00000000ec000000,0x00000000ec78d540,0x00000000ec800000)
  to   space 10752K, 0% used [0x00000000eca80000,0x00000000eca80000,0x00000000ed500000)
 ParOldGen       total 280064K, used 233082K [0x00000000c0000000, 0x00000000d1180000, 0x00000000eab00000)
  object space 280064K, 83% used [0x00000000c0000000,0x00000000ce39e968,0x00000000d1180000)
 Metaspace       used 73021K, committed 74496K, reserved 1179648K
  class space    used 7601K, committed 8256K, reserved 1048576K
}
Event: 75.046 GC heap after
{Heap after GC invocations=391 (full 18):
 PSYoungGen      total 27648K, used 10730K [0x00000000eab00000, 0x00000000ede00000, 0x0000000100000000)
  eden space 16896K, 0% used [0x00000000eab00000,0x00000000eab00000,0x00000000ebb80000)
  from space 10752K, 99% used [0x00000000eca80000,0x00000000ed4faa40,0x00000000ed500000)
  to   space 15360K, 0% used [0x00000000ebb80000,0x00000000ebb80000,0x00000000eca80000)
 ParOldGen       total 280064K, used 236116K [0x00000000c0000000, 0x00000000d1180000, 0x00000000eab00000)
  object space 280064K, 84% used [0x00000000c0000000,0x00000000ce6952f8,0x00000000d1180000)
 Metaspace       used 73021K, committed 74496K, reserved 1179648K
  class space    used 7601K, committed 8256K, reserved 1048576K
}
Event: 249.894 GC heap before
{Heap before GC invocations=392 (full 18):
 PSYoungGen      total 27648K, used 27626K [0x00000000eab00000, 0x00000000ede00000, 0x0000000100000000)
  eden space 16896K, 100% used [0x00000000eab00000,0x00000000ebb80000,0x00000000ebb80000)
  from space 10752K, 99% used [0x00000000eca80000,0x00000000ed4faa40,0x00000000ed500000)
  to   space 15360K, 0% used [0x00000000ebb80000,0x00000000ebb80000,0x00000000eca80000)
 ParOldGen       total 280064K, used 236116K [0x00000000c0000000, 0x00000000d1180000, 0x00000000eab00000)
  object space 280064K, 84% used [0x00000000c0000000,0x00000000ce6952f8,0x00000000d1180000)
 Metaspace       used 73688K, committed 75136K, reserved 1179648K
  class space    used 7684K, committed 8320K, reserved 1048576K
}
Event: 250.079 GC heap after
{Heap after GC invocations=392 (full 18):
 PSYoungGen      total 26624K, used 9260K [0x00000000eab00000, 0x00000000ed180000, 0x0000000100000000)
  eden space 16896K, 0% used [0x00000000eab00000,0x00000000eab00000,0x00000000ebb80000)
  from space 9728K, 95% used [0x00000000ebb80000,0x00000000ec48b380,0x00000000ec500000)
  to   space 11264K, 0% used [0x00000000ec680000,0x00000000ec680000,0x00000000ed180000)
 ParOldGen       total 280064K, used 236124K [0x00000000c0000000, 0x00000000d1180000, 0x00000000eab00000)
  object space 280064K, 84% used [0x00000000c0000000,0x00000000ce6972f8,0x00000000d1180000)
 Metaspace       used 73688K, committed 75136K, reserved 1179648K
  class space    used 7684K, committed 8320K, reserved 1048576K
}
Event: 251.139 GC heap before
{Heap before GC invocations=393 (full 18):
 PSYoungGen      total 26624K, used 26156K [0x00000000eab00000, 0x00000000ed180000, 0x0000000100000000)
  eden space 16896K, 100% used [0x00000000eab00000,0x00000000ebb80000,0x00000000ebb80000)
  from space 9728K, 95% used [0x00000000ebb80000,0x00000000ec48b380,0x00000000ec500000)
  to   space 11264K, 0% used [0x00000000ec680000,0x00000000ec680000,0x00000000ed180000)
 ParOldGen       total 280064K, used 236124K [0x00000000c0000000, 0x00000000d1180000, 0x00000000eab00000)
  object space 280064K, 84% used [0x00000000c0000000,0x00000000ce6972f8,0x00000000d1180000)
 Metaspace       used 74703K, committed 76288K, reserved 1179648K
  class space    used 7781K, committed 8512K, reserved 1048576K
}
Event: 251.153 GC heap after
{Heap after GC invocations=393 (full 18):
 PSYoungGen      total 26624K, used 9233K [0x00000000eab00000, 0x00000000ed000000, 0x0000000100000000)
  eden space 16896K, 0% used [0x00000000eab00000,0x00000000eab00000,0x00000000ebb80000)
  from space 9728K, 94% used [0x00000000ec680000,0x00000000ecf847e0,0x00000000ed000000)
  to   space 9728K, 0% used [0x00000000ebb80000,0x00000000ebb80000,0x00000000ec500000)
 ParOldGen       total 280064K, used 236124K [0x00000000c0000000, 0x00000000d1180000, 0x00000000eab00000)
  object space 280064K, 84% used [0x00000000c0000000,0x00000000ce6972f8,0x00000000d1180000)
 Metaspace       used 74703K, committed 76288K, reserved 1179648K
  class space    used 7781K, committed 8512K, reserved 1048576K
}
Event: 251.480 GC heap before
{Heap before GC invocations=394 (full 18):
 PSYoungGen      total 26624K, used 26129K [0x00000000eab00000, 0x00000000ed000000, 0x0000000100000000)
  eden space 16896K, 100% used [0x00000000eab00000,0x00000000ebb80000,0x00000000ebb80000)
  from space 9728K, 94% used [0x00000000ec680000,0x00000000ecf847e0,0x00000000ed000000)
  to   space 9728K, 0% used [0x00000000ebb80000,0x00000000ebb80000,0x00000000ec500000)
 ParOldGen       total 280064K, used 236124K [0x00000000c0000000, 0x00000000d1180000, 0x00000000eab00000)
  object space 280064K, 84% used [0x00000000c0000000,0x00000000ce6972f8,0x00000000d1180000)
 Metaspace       used 76411K, committed 77952K, reserved 1179648K
  class space    used 8063K, committed 8768K, reserved 1048576K
}
Event: 251.489 GC heap after
{Heap after GC invocations=394 (full 18):
 PSYoungGen      total 26624K, used 9500K [0x00000000eab00000, 0x00000000ece80000, 0x0000000100000000)
  eden space 16896K, 0% used [0x00000000eab00000,0x00000000eab00000,0x00000000ebb80000)
  from space 9728K, 97% used [0x00000000ebb80000,0x00000000ec4c7258,0x00000000ec500000)
  to   space 9728K, 0% used [0x00000000ec500000,0x00000000ec500000,0x00000000ece80000)
 ParOldGen       total 280064K, used 236124K [0x00000000c0000000, 0x00000000d1180000, 0x00000000eab00000)
  object space 280064K, 84% used [0x00000000c0000000,0x00000000ce6972f8,0x00000000d1180000)
 Metaspace       used 76411K, committed 77952K, reserved 1179648K
  class space    used 8063K, committed 8768K, reserved 1048576K
}
Event: 265.368 GC heap before
{Heap before GC invocations=395 (full 18):
 PSYoungGen      total 26624K, used 26396K [0x00000000eab00000, 0x00000000ece80000, 0x0000000100000000)
  eden space 16896K, 100% used [0x00000000eab00000,0x00000000ebb80000,0x00000000ebb80000)
  from space 9728K, 97% used [0x00000000ebb80000,0x00000000ec4c7258,0x00000000ec500000)
  to   space 9728K, 0% used [0x00000000ec500000,0x00000000ec500000,0x00000000ece80000)
 ParOldGen       total 280064K, used 236124K [0x00000000c0000000, 0x00000000d1180000, 0x00000000eab00000)
  object space 280064K, 84% used [0x00000000c0000000,0x00000000ce6972f8,0x00000000d1180000)
 Metaspace       used 77525K, committed 79040K, reserved 1179648K
  class space    used 8204K, committed 8896K, reserved 1048576K
}
Event: 265.382 GC heap after
{Heap after GC invocations=395 (full 18):
 PSYoungGen      total 26112K, used 9712K [0x00000000eab00000, 0x00000000ecf80000, 0x0000000100000000)
  eden space 16384K, 0% used [0x00000000eab00000,0x00000000eab00000,0x00000000ebb00000)
  from space 9728K, 99% used [0x00000000ec500000,0x00000000ece7c350,0x00000000ece80000)
  to   space 10240K, 0% used [0x00000000ebb00000,0x00000000ebb00000,0x00000000ec500000)
 ParOldGen       total 280064K, used 236260K [0x00000000c0000000, 0x00000000d1180000, 0x00000000eab00000)
  object space 280064K, 84% used [0x00000000c0000000,0x00000000ce6b92f8,0x00000000d1180000)
 Metaspace       used 77525K, committed 79040K, reserved 1179648K
  class space    used 8204K, committed 8896K, reserved 1048576K
}
Event: 265.952 GC heap before
{Heap before GC invocations=396 (full 18):
 PSYoungGen      total 26112K, used 26096K [0x00000000eab00000, 0x00000000ecf80000, 0x0000000100000000)
  eden space 16384K, 100% used [0x00000000eab00000,0x00000000ebb00000,0x00000000ebb00000)
  from space 9728K, 99% used [0x00000000ec500000,0x00000000ece7c350,0x00000000ece80000)
  to   space 10240K, 0% used [0x00000000ebb00000,0x00000000ebb00000,0x00000000ec500000)
 ParOldGen       total 280064K, used 236260K [0x00000000c0000000, 0x00000000d1180000, 0x00000000eab00000)
  object space 280064K, 84% used [0x00000000c0000000,0x00000000ce6b92f8,0x00000000d1180000)
 Metaspace       used 77969K, committed 79424K, reserved 1179648K
  class space    used 8244K, committed 8896K, reserved 1048576K
}
Event: 265.961 GC heap after
{Heap after GC invocations=396 (full 18):
 PSYoungGen      total 26624K, used 9918K [0x00000000eab00000, 0x00000000ecf00000, 0x0000000100000000)
  eden space 16384K, 0% used [0x00000000eab00000,0x00000000eab00000,0x00000000ebb00000)
  from space 10240K, 96% used [0x00000000ebb00000,0x00000000ec4afa00,0x00000000ec500000)
  to   space 10240K, 0% used [0x00000000ec500000,0x00000000ec500000,0x00000000ecf00000)
 ParOldGen       total 280064K, used 236268K [0x00000000c0000000, 0x00000000d1180000, 0x00000000eab00000)
  object space 280064K, 84% used [0x00000000c0000000,0x00000000ce6bb2f8,0x00000000d1180000)
 Metaspace       used 77969K, committed 79424K, reserved 1179648K
  class space    used 8244K, committed 8896K, reserved 1048576K
}
Event: 266.248 GC heap before
{Heap before GC invocations=397 (full 18):
 PSYoungGen      total 26624K, used 26302K [0x00000000eab00000, 0x00000000ecf00000, 0x0000000100000000)
  eden space 16384K, 100% used [0x00000000eab00000,0x00000000ebb00000,0x00000000ebb00000)
  from space 10240K, 96% used [0x00000000ebb00000,0x00000000ec4afa00,0x00000000ec500000)
  to   space 10240K, 0% used [0x00000000ec500000,0x00000000ec500000,0x00000000ecf00000)
 ParOldGen       total 280064K, used 236268K [0x00000000c0000000, 0x00000000d1180000, 0x00000000eab00000)
  object space 280064K, 84% used [0x00000000c0000000,0x00000000ce6bb2f8,0x00000000d1180000)
 Metaspace       used 78354K, committed 79808K, reserved 1179648K
  class space    used 8286K, committed 8960K, reserved 1048576K
}
Event: 266.254 GC heap after
{Heap after GC invocations=397 (full 18):
 PSYoungGen      total 26112K, used 10215K [0x00000000eab00000, 0x00000000ed000000, 0x0000000100000000)
  eden space 15872K, 0% used [0x00000000eab00000,0x00000000eab00000,0x00000000eba80000)
  from space 10240K, 99% used [0x00000000ec500000,0x00000000ecef9c60,0x00000000ecf00000)
  to   space 10752K, 0% used [0x00000000eba80000,0x00000000eba80000,0x00000000ec500000)
 ParOldGen       total 280064K, used 236492K [0x00000000c0000000, 0x00000000d1180000, 0x00000000eab00000)
  object space 280064K, 84% used [0x00000000c0000000,0x00000000ce6f32f8,0x00000000d1180000)
 Metaspace       used 78354K, committed 79808K, reserved 1179648K
  class space    used 8286K, committed 8960K, reserved 1048576K
}

Dll operation events (11 events):
Event: 0.011 Loaded shared library c:\Users\yecar\.vscode\extensions\redhat.java-1.36.0-win32-x64\jre\17.0.13-win32-x86_64\bin\java.dll
Event: 0.438 Loaded shared library c:\Users\yecar\.vscode\extensions\redhat.java-1.36.0-win32-x64\jre\17.0.13-win32-x86_64\bin\zip.dll
Event: 0.452 Loaded shared library C:\Users\yecar\.vscode\extensions\redhat.java-1.36.0-win32-x64\jre\17.0.13-win32-x86_64\bin\instrument.dll
Event: 0.516 Loaded shared library C:\Users\yecar\.vscode\extensions\redhat.java-1.36.0-win32-x64\jre\17.0.13-win32-x86_64\bin\net.dll
Event: 0.518 Loaded shared library C:\Users\yecar\.vscode\extensions\redhat.java-1.36.0-win32-x64\jre\17.0.13-win32-x86_64\bin\nio.dll
Event: 0.534 Loaded shared library C:\Users\yecar\.vscode\extensions\redhat.java-1.36.0-win32-x64\jre\17.0.13-win32-x86_64\bin\zip.dll
Event: 0.556 Loaded shared library C:\Users\yecar\.vscode\extensions\redhat.java-1.36.0-win32-x64\jre\17.0.13-win32-x86_64\bin\jimage.dll
Event: 0.640 Loaded shared library c:\Users\yecar\.vscode\extensions\redhat.java-1.36.0-win32-x64\jre\17.0.13-win32-x86_64\bin\verify.dll
Event: 6.131 Loaded shared library C:\Users\yecar\AppData\Roaming\Code\User\globalStorage\redhat.java\1.36.0\config_win\org.eclipse.equinox.launcher\org.eclipse.equinox.launcher.win32.win32.x86_64_1.2.1100.v20240722-2106\eclipse_11904.dll
Event: 20.843 Loaded shared library C:\Users\yecar\AppData\Local\Temp\jna-114853192\jna8042810224958724199.dll
Event: 250.983 Loaded shared library C:\Users\yecar\.vscode\extensions\redhat.java-1.36.0-win32-x64\jre\17.0.13-win32-x86_64\bin\extnet.dll

Deoptimization events (20 events):
Event: 266.347 Thread 0x000000001e738310 DEOPT PACKING pc=0x00000000065db920 sp=0x000000002c50e110
Event: 266.347 Thread 0x000000001e738310 DEOPT UNPACKING pc=0x000000000cc9a9e3 sp=0x000000002c50d5d0 mode 0
Event: 266.381 Thread 0x000000001e738310 DEOPT PACKING pc=0x0000000006ae28db sp=0x000000002c50e420
Event: 266.381 Thread 0x000000001e738310 DEOPT UNPACKING pc=0x000000000cc9a9e3 sp=0x000000002c50d980 mode 0
Event: 325.648 Thread 0x000000001d19bdc0 Uncommon trap: trap_request=0xffffff45 fr.pc=0x000000000d957f6c relative=0x00000000000000ec
Event: 325.648 Thread 0x000000001d19bdc0 Uncommon trap: reason=unstable_if action=reinterpret pc=0x000000000d957f6c method=java.util.concurrent.TimeUnit.toMillis(J)J @ 18 c2
Event: 325.648 Thread 0x000000001d19bdc0 DEOPT PACKING pc=0x000000000d957f6c sp=0x000000001f74f110
Event: 325.648 Thread 0x000000001d19bdc0 DEOPT UNPACKING pc=0x000000000cc99ea3 sp=0x000000001f74f090 mode 2
Event: 325.661 Thread 0x000000001e73a170 Uncommon trap: trap_request=0xffffff45 fr.pc=0x000000000d3c79bc relative=0x00000000000000bc
Event: 325.661 Thread 0x000000001e73a170 Uncommon trap: reason=unstable_if action=reinterpret pc=0x000000000d3c79bc method=java.util.stream.AbstractPipeline.sourceSpliterator(I)Ljava/util/Spliterator; @ 82 c2
Event: 325.661 Thread 0x000000001e73a170 DEOPT PACKING pc=0x000000000d3c79bc sp=0x000000002389f330
Event: 325.661 Thread 0x000000001e73a170 DEOPT UNPACKING pc=0x000000000cc99ea3 sp=0x000000002389f290 mode 2
Event: 325.780 Thread 0x000000001d19bdc0 DEOPT PACKING pc=0x00000000065db920 sp=0x000000001f74e140
Event: 325.780 Thread 0x000000001d19bdc0 DEOPT UNPACKING pc=0x000000000cc9a9e3 sp=0x000000001f74d600 mode 0
Event: 480.449 Thread 0x000000001e7373e0 DEOPT PACKING pc=0x00000000065db920 sp=0x000000000082e650
Event: 480.449 Thread 0x000000001e7373e0 DEOPT UNPACKING pc=0x000000000cc9a9e3 sp=0x000000000082db10 mode 0
Event: 480.449 Thread 0x000000001e7373e0 DEOPT PACKING pc=0x0000000006ae28db sp=0x000000000082e410
Event: 480.449 Thread 0x000000001e7373e0 DEOPT UNPACKING pc=0x000000000cc9a9e3 sp=0x000000000082d948 mode 0
Event: 482.191 Thread 0x000000001e7373e0 DEOPT PACKING pc=0x00000000059bf22b sp=0x000000000082e720
Event: 482.191 Thread 0x000000001e7373e0 DEOPT UNPACKING pc=0x000000000cc9a9e3 sp=0x000000000082dc78 mode 0

Classes loaded (20 events):
Event: 266.328 Loading class java/util/regex/Pattern$1
Event: 266.329 Loading class java/util/regex/Pattern$1 done
Event: 325.661 Loading class java/util/stream/Nodes$CollectorTask$OfRef
Event: 325.667 Loading class java/util/stream/Nodes$CollectorTask
Event: 325.667 Loading class java/util/stream/AbstractTask
Event: 325.668 Loading class java/util/stream/AbstractTask done
Event: 325.668 Loading class java/util/stream/Nodes$CollectorTask done
Event: 325.668 Loading class java/util/stream/Nodes$CollectorTask$OfRef done
Event: 325.679 Loading class java/util/function/LongFunction
Event: 325.680 Loading class java/util/function/LongFunction done
Event: 325.680 Loading class java/util/stream/Nodes$ConcNode
Event: 325.680 Loading class java/util/stream/Nodes$AbstractConcNode
Event: 325.681 Loading class java/util/stream/Nodes$AbstractConcNode done
Event: 325.681 Loading class java/util/stream/Nodes$ConcNode done
Event: 325.693 Loading class java/io/ObjectOutputStream$BlockDataOutputStream
Event: 325.694 Loading class java/io/ObjectOutputStream$BlockDataOutputStream done
Event: 325.694 Loading class java/io/ObjectOutputStream$HandleTable
Event: 325.694 Loading class java/io/ObjectOutputStream$HandleTable done
Event: 325.694 Loading class java/io/ObjectOutputStream$ReplaceTable
Event: 325.694 Loading class java/io/ObjectOutputStream$ReplaceTable done

Classes unloaded (7 events):
Event: 22.671 Thread 0x0000000002b26c20 Unloading class 0x0000000100254000 'java/lang/invoke/LambdaForm$MH+0x0000000100254000'
Event: 22.671 Thread 0x0000000002b26c20 Unloading class 0x0000000100253c00 'java/lang/invoke/LambdaForm$MH+0x0000000100253c00'
Event: 22.671 Thread 0x0000000002b26c20 Unloading class 0x0000000100253800 'java/lang/invoke/LambdaForm$MH+0x0000000100253800'
Event: 22.671 Thread 0x0000000002b26c20 Unloading class 0x0000000100253400 'java/lang/invoke/LambdaForm$MH+0x0000000100253400'
Event: 22.671 Thread 0x0000000002b26c20 Unloading class 0x0000000100253000 'java/lang/invoke/LambdaForm$BMH+0x0000000100253000'
Event: 22.671 Thread 0x0000000002b26c20 Unloading class 0x0000000100252c00 'java/lang/invoke/LambdaForm$DMH+0x0000000100252c00'
Event: 22.671 Thread 0x0000000002b26c20 Unloading class 0x0000000100250400 'java/lang/invoke/LambdaForm$DMH+0x0000000100250400'

Classes redefined (0 events):
No events

Internal exceptions (20 events):
Event: 251.094 Thread 0x000000001e739c60 Exception <a 'java/io/FileNotFoundException'{0x00000000eb90e8a0}> (0x00000000eb90e8a0) 
thrown [s\src\hotspot\share\prims\jni.cpp, line 516]
Event: 251.415 Thread 0x000000001e739c60 Exception <a 'java/lang/NoSuchMethodError'{0x00000000eb789480}: 'java.lang.Object java.lang.invoke.DirectMethodHandle$Holder.invokeVirtual(java.lang.Object, java.lang.Object, java.lang.Object, java.lang.Object)'> (0x00000000eb789480) 
thrown [s\src\hotspot\share\interpreter\linkResolver.cpp, line 759]
Event: 251.496 Thread 0x000000001e7369c0 Exception <a 'java/lang/NoSuchMethodError'{0x00000000eab261e0}: 'java.lang.Object java.lang.invoke.DirectMethodHandle$Holder.invokeStatic(java.lang.Object, long, java.lang.Object, java.lang.Object)'> (0x00000000eab261e0) 
thrown [s\src\hotspot\share\interpreter\linkResolver.cpp, line 759]
Event: 251.497 Thread 0x000000001e7369c0 Exception <a 'java/lang/NoSuchMethodError'{0x00000000eab2d228}: 'java.lang.Object java.lang.invoke.DirectMethodHandle$Holder.newInvokeSpecial(java.lang.Object, long)'> (0x00000000eab2d228) 
thrown [s\src\hotspot\share\interpreter\linkResolver.cpp, line 759]
Event: 251.538 Thread 0x000000001e7369c0 Exception <a 'sun/nio/fs/WindowsException'{0x00000000eabc4d28}> (0x00000000eabc4d28) 
thrown [s\src\hotspot\share\prims\jni.cpp, line 516]
Event: 251.538 Thread 0x000000001e7369c0 Exception <a 'sun/nio/fs/WindowsException'{0x00000000eabc4ff8}> (0x00000000eabc4ff8) 
thrown [s\src\hotspot\share\prims\jni.cpp, line 516]
Event: 251.538 Thread 0x000000001e7369c0 Exception <a 'sun/nio/fs/WindowsException'{0x00000000eabc6368}> (0x00000000eabc6368) 
thrown [s\src\hotspot\share\prims\jni.cpp, line 516]
Event: 251.538 Thread 0x000000001e7369c0 Exception <a 'sun/nio/fs/WindowsException'{0x00000000eabc6638}> (0x00000000eabc6638) 
thrown [s\src\hotspot\share\prims\jni.cpp, line 516]
Event: 251.564 Thread 0x000000001e7369c0 Exception <a 'java/lang/NoSuchMethodError'{0x00000000eac69150}: 'void java.lang.invoke.DirectMethodHandle$Holder.invokeStatic(java.lang.Object, java.lang.Object, java.lang.Object, java.lang.Object, java.lang.Object, java.lang.Object, java.lang.Object)'> (0x00000000eac69150) 
thrown [s\src\hotspot\share\interpreter\linkResolver.cpp, line 759]
Event: 264.815 Thread 0x000000001e739750 Implicit null exception at 0x000000000d64bc3c to 0x000000000d64c070
Event: 265.269 Thread 0x000000001e739750 Exception <a 'java/lang/NoSuchMethodError'{0x00000000eb8859c0}: 'java.lang.Object java.lang.invoke.DirectMethodHandle$Holder.invokeStatic(java.lang.Object, int, java.lang.Object)'> (0x00000000eb8859c0) 
thrown [s\src\hotspot\share\interpreter\linkResolver.cpp, line 759]
Event: 265.320 Thread 0x000000001e738310 Implicit null exception at 0x000000000d8cfc73 to 0x000000000d8d0d58
Event: 265.756 Thread 0x000000001e738310 Implicit null exception at 0x000000000d6ec9ac to 0x000000000d6eca0b
Event: 266.324 Thread 0x000000001e738310 Exception <a 'java/lang/ClassNotFoundException'{0x00000000eadf66a0}: sun/net/www/protocol/jdt/Handler> (0x00000000eadf66a0) 
thrown [s\src\hotspot\share\classfile\systemDictionary.cpp, line 256]
Event: 266.326 Thread 0x000000001e738310 Exception <a 'java/lang/ClassNotFoundException'{0x00000000eadfe450}: sun/net/www/protocol/jdt/Handler> (0x00000000eadfe450) 
thrown [s\src\hotspot\share\classfile\systemDictionary.cpp, line 256]
Event: 266.326 Thread 0x000000001e738310 Exception <a 'java/lang/ClassNotFoundException'{0x00000000eae02390}: sun/net/www/protocol/jdt/Handler> (0x00000000eae02390) 
thrown [s\src\hotspot\share\classfile\systemDictionary.cpp, line 256]
Event: 266.327 Thread 0x000000001e738310 Exception <a 'java/lang/ClassNotFoundException'{0x00000000eae05040}: sun/net/www/protocol/jdt/Handler> (0x00000000eae05040) 
thrown [s\src\hotspot\share\classfile\systemDictionary.cpp, line 256]
Event: 325.745 Thread 0x000000001d19bdc0 Exception <a 'java/lang/NoSuchMethodError'{0x00000000eb3a7968}: static [J.<clinit>()V> (0x00000000eb3a7968) 
thrown [s\src\hotspot\share\prims\jni.cpp, line 1112]
Event: 325.781 Thread 0x000000001d19bdc0 Exception <a 'java/lang/NoSuchMethodError'{0x00000000eb3df890}: 'java.lang.Object java.lang.invoke.DirectMethodHandle$Holder.newInvokeSpecial(java.lang.Object, java.lang.Object, java.lang.Object, java.lang.Object, java.lang.Object, java.lang.Object, java.lang.Object, java.lang.Object)'> (0x00000000eb3df890) 
thrown [s\src\hotspot\share\interpreter\linkResolver.cpp, line 759]
Event: 325.781 Thread 0x000000001d19bdc0 Exception <a 'java/lang/NoSuchMethodError'{0x00000000eb3e5080}: 'java.lang.Object java.lang.invoke.Invokers$Holder.linkToTargetMethod(java.lang.Object, java.lang.Object, java.lang.Object, java.lang.Object, java.lang.Object, java.lang.Object, java.lang.Object, java.lang.Object)'> (0x00000000eb3e5080) 
thrown [s\src\hotspot\share\interpreter\linkResolver.cpp, line 759]

VM Operations (20 events):
Event: 325.643 Executing VM operation: Cleanup
Event: 325.643 Executing VM operation: Cleanup done
Event: 326.657 Executing VM operation: Cleanup
Event: 326.657 Executing VM operation: Cleanup done
Event: 327.664 Executing VM operation: Cleanup
Event: 327.664 Executing VM operation: Cleanup done
Event: 328.677 Executing VM operation: Cleanup
Event: 328.677 Executing VM operation: Cleanup done
Event: 360.753 Executing VM operation: HandshakeAllThreads
Event: 360.754 Executing VM operation: HandshakeAllThreads done
Event: 420.935 Executing VM operation: HandshakeAllThreads
Event: 420.935 Executing VM operation: HandshakeAllThreads done
Event: 439.109 Executing VM operation: Cleanup
Event: 439.109 Executing VM operation: Cleanup done
Event: 480.403 Executing VM operation: Cleanup
Event: 480.403 Executing VM operation: Cleanup done
Event: 481.045 Executing VM operation: HandshakeAllThreads
Event: 481.045 Executing VM operation: HandshakeAllThreads done
Event: 482.052 Executing VM operation: Cleanup
Event: 482.053 Executing VM operation: Cleanup done

Memory protections (0 events):
No events

Nmethod flushes (20 events):
Event: 266.351 Thread 0x000000001bf32810 flushing  nmethod 0x00000000068f0610
Event: 266.351 Thread 0x000000001bf32810 flushing  nmethod 0x0000000006908810
Event: 266.352 Thread 0x000000001bf32810 flushing  nmethod 0x0000000006909f90
Event: 266.352 Thread 0x000000001bf32810 flushing  nmethod 0x000000000690a790
Event: 266.352 Thread 0x000000001bf32810 flushing  nmethod 0x000000000693bd90
Event: 266.352 Thread 0x000000001bf32810 flushing  nmethod 0x000000000693e010
Event: 266.352 Thread 0x000000001bf32810 flushing  nmethod 0x000000000694ca10
Event: 266.352 Thread 0x000000001bf32810 flushing  nmethod 0x000000000697e490
Event: 266.353 Thread 0x000000001bf32810 flushing  nmethod 0x00000000069c0d10
Event: 266.353 Thread 0x000000001bf32810 flushing  nmethod 0x00000000069cd410
Event: 266.353 Thread 0x000000001bf32810 flushing  nmethod 0x00000000069d4310
Event: 266.353 Thread 0x000000001bf32810 flushing  nmethod 0x00000000069e8a90
Event: 266.353 Thread 0x000000001bf32810 flushing  nmethod 0x0000000006a09510
Event: 266.353 Thread 0x000000001bf32810 flushing  nmethod 0x0000000006a67e90
Event: 266.353 Thread 0x000000001bf32810 flushing  nmethod 0x0000000006a69110
Event: 266.353 Thread 0x000000001bf32810 flushing  nmethod 0x0000000006a70690
Event: 266.353 Thread 0x000000001bf32810 flushing  nmethod 0x0000000006a70d90
Event: 266.353 Thread 0x000000001bf32810 flushing  nmethod 0x0000000006a73090
Event: 266.353 Thread 0x000000001bf32810 flushing  nmethod 0x0000000006ac1f10
Event: 266.354 Thread 0x000000001bf32810 flushing  nmethod 0x0000000006aff490

Events (20 events):
Event: 251.304 Thread 0x000000001e739c60 Thread added: 0x000000001e739240
Event: 251.314 Thread 0x000000001e739c60 Thread added: 0x000000001e735fa0
Event: 251.478 Thread 0x000000001e739c60 Thread added: 0x000000001e7369c0
Event: 251.562 Thread 0x000000001e7369c0 Thread added: 0x000000001e7364b0
Event: 253.532 Thread 0x000000001e739c60 Thread added: 0x000000001e73a170
Event: 253.535 Thread 0x000000001e7364b0 Thread exited: 0x000000001e7364b0
Event: 254.278 Thread 0x000000001e73a170 Thread added: 0x000000001e736ed0
Event: 254.285 Thread 0x000000001e73a170 Thread exited: 0x000000001e73a170
Event: 270.740 Thread 0x00000000200cdd20 Thread exited: 0x00000000200cdd20
Event: 325.649 Thread 0x000000001d19bdc0 Thread added: 0x000000001e73a170
Event: 325.681 Thread 0x000000001e73a170 Thread exited: 0x000000001e73a170
Event: 326.422 Thread 0x000000001e738310 Thread exited: 0x000000001e738310
Event: 326.753 Thread 0x00000000200cf670 Thread exited: 0x00000000200cf670
Event: 330.239 Thread 0x00000000200cb4a0 Thread exited: 0x00000000200cb4a0
Event: 330.270 Thread 0x00000000200ce230 Thread exited: 0x00000000200ce230
Event: 330.415 Thread 0x00000000200ca060 Thread exited: 0x00000000200ca060
Event: 386.428 Thread 0x000000001e739750 Thread exited: 0x000000001e739750
Event: 446.430 Thread 0x000000001e738d30 Thread exited: 0x000000001e738d30
Event: 480.182 Thread 0x00000000200cf160 Thread added: 0x000000001e7378f0
Event: 480.184 Thread 0x000000001e7378f0 Thread added: 0x000000001e7373e0


Dynamic libraries:
0x00007ff7e2830000 - 0x00007ff7e283e000 	c:\Users\yecar\.vscode\extensions\redhat.java-1.36.0-win32-x64\jre\17.0.13-win32-x86_64\bin\java.exe
0x00007fff39410000 - 0x00007fff39627000 	C:\WINDOWS\SYSTEM32\ntdll.dll
0x00007fff388c0000 - 0x00007fff38984000 	C:\WINDOWS\System32\KERNEL32.DLL
0x00007fff36a10000 - 0x00007fff36dc9000 	C:\WINDOWS\System32\KERNELBASE.dll
0x00007fff368f0000 - 0x00007fff36a01000 	C:\WINDOWS\System32\ucrtbase.dll
0x00007fff19a20000 - 0x00007fff19a3e000 	c:\Users\yecar\.vscode\extensions\redhat.java-1.36.0-win32-x64\jre\17.0.13-win32-x86_64\bin\VCRUNTIME140.dll
0x00007fff19c60000 - 0x00007fff19c77000 	c:\Users\yecar\.vscode\extensions\redhat.java-1.36.0-win32-x64\jre\17.0.13-win32-x86_64\bin\jli.dll
0x00007fff389f0000 - 0x00007fff38b9e000 	C:\WINDOWS\System32\USER32.dll
0x00007fff37080000 - 0x00007fff370a6000 	C:\WINDOWS\System32\win32u.dll
0x00007fff38350000 - 0x00007fff38379000 	C:\WINDOWS\System32\GDI32.dll
0x00007fff36ec0000 - 0x00007fff36fdb000 	C:\WINDOWS\System32\gdi32full.dll
0x00007fff36fe0000 - 0x00007fff3707a000 	C:\WINDOWS\System32\msvcp_win.dll
0x00007fff256a0000 - 0x00007fff25932000 	C:\WINDOWS\WinSxS\amd64_microsoft.windows.common-controls_6595b64144ccf1df_6.0.22621.4391_none_2715d37f73803e96\COMCTL32.dll
0x00007fff37260000 - 0x00007fff37307000 	C:\WINDOWS\System32\msvcrt.dll
0x00007fff37d80000 - 0x00007fff37db1000 	C:\WINDOWS\System32\IMM32.DLL
0x00007fff25450000 - 0x00007fff2545c000 	c:\Users\yecar\.vscode\extensions\redhat.java-1.36.0-win32-x64\jre\17.0.13-win32-x86_64\bin\vcruntime140_1.dll
0x00007fff09d10000 - 0x00007fff09d9d000 	c:\Users\yecar\.vscode\extensions\redhat.java-1.36.0-win32-x64\jre\17.0.13-win32-x86_64\bin\msvcp140.dll
0x00007ffeceb00000 - 0x00007ffecf76b000 	c:\Users\yecar\.vscode\extensions\redhat.java-1.36.0-win32-x64\jre\17.0.13-win32-x86_64\bin\server\jvm.dll
0x00007fff381b0000 - 0x00007fff38262000 	C:\WINDOWS\System32\ADVAPI32.dll
0x00007fff371b0000 - 0x00007fff37257000 	C:\WINDOWS\System32\sechost.dll
0x00007fff36dd0000 - 0x00007fff36df8000 	C:\WINDOWS\System32\bcrypt.dll
0x00007fff38380000 - 0x00007fff38494000 	C:\WINDOWS\System32\RPCRT4.dll
0x00007fff38bb0000 - 0x00007fff38c21000 	C:\WINDOWS\System32\WS2_32.dll
0x00007fff358e0000 - 0x00007fff3592d000 	C:\WINDOWS\SYSTEM32\POWRPROF.dll
0x00007fff2f8a0000 - 0x00007fff2f8d4000 	C:\WINDOWS\SYSTEM32\WINMM.dll
0x00007fff2d900000 - 0x00007fff2d90a000 	C:\WINDOWS\SYSTEM32\VERSION.dll
0x00007fff358c0000 - 0x00007fff358d3000 	C:\WINDOWS\SYSTEM32\UMPDC.dll
0x00007fff357a0000 - 0x00007fff357b8000 	C:\WINDOWS\SYSTEM32\kernel.appcore.dll
0x00007fff25080000 - 0x00007fff2508a000 	c:\Users\yecar\.vscode\extensions\redhat.java-1.36.0-win32-x64\jre\17.0.13-win32-x86_64\bin\jimage.dll
0x00007fff33fc0000 - 0x00007fff341f2000 	C:\WINDOWS\SYSTEM32\DBGHELP.DLL
0x00007fff37dc0000 - 0x00007fff3814f000 	C:\WINDOWS\System32\combase.dll
0x00007fff38270000 - 0x00007fff38347000 	C:\WINDOWS\System32\OLEAUT32.dll
0x00007fff24b80000 - 0x00007fff24bb2000 	C:\WINDOWS\SYSTEM32\dbgcore.DLL
0x00007fff370b0000 - 0x00007fff3712b000 	C:\WINDOWS\System32\bcryptPrimitives.dll
0x00007fff24da0000 - 0x00007fff24dae000 	c:\Users\yecar\.vscode\extensions\redhat.java-1.36.0-win32-x64\jre\17.0.13-win32-x86_64\bin\instrument.dll
0x00007fff199f0000 - 0x00007fff19a15000 	c:\Users\yecar\.vscode\extensions\redhat.java-1.36.0-win32-x64\jre\17.0.13-win32-x86_64\bin\java.dll
0x00007fff19120000 - 0x00007fff19138000 	c:\Users\yecar\.vscode\extensions\redhat.java-1.36.0-win32-x64\jre\17.0.13-win32-x86_64\bin\zip.dll
0x00007fff374a0000 - 0x00007fff37d16000 	C:\WINDOWS\System32\SHELL32.dll
0x00007fff34600000 - 0x00007fff34f03000 	C:\WINDOWS\SYSTEM32\windows.storage.dll
0x00007fff344c0000 - 0x00007fff345ff000 	C:\WINDOWS\SYSTEM32\wintypes.dll
0x00007fff38760000 - 0x00007fff38859000 	C:\WINDOWS\System32\SHCORE.dll
0x00007fff37d20000 - 0x00007fff37d7e000 	C:\WINDOWS\System32\shlwapi.dll
0x00007fff36640000 - 0x00007fff3666b000 	C:\WINDOWS\SYSTEM32\profapi.dll
0x00007fff0f110000 - 0x00007fff0f129000 	C:\Users\yecar\.vscode\extensions\redhat.java-1.36.0-win32-x64\jre\17.0.13-win32-x86_64\bin\net.dll
0x00007fff30a80000 - 0x00007fff30bb6000 	C:\WINDOWS\SYSTEM32\WINHTTP.dll
0x00007fff35cc0000 - 0x00007fff35d29000 	C:\WINDOWS\system32\mswsock.dll
0x00007fff0f0f0000 - 0x00007fff0f106000 	C:\Users\yecar\.vscode\extensions\redhat.java-1.36.0-win32-x64\jre\17.0.13-win32-x86_64\bin\nio.dll
0x00007fff24cf0000 - 0x00007fff24d00000 	c:\Users\yecar\.vscode\extensions\redhat.java-1.36.0-win32-x64\jre\17.0.13-win32-x86_64\bin\verify.dll
0x00007fff1b060000 - 0x00007fff1b0a5000 	C:\Users\yecar\AppData\Roaming\Code\User\globalStorage\redhat.java\1.36.0\config_win\org.eclipse.equinox.launcher\org.eclipse.equinox.launcher.win32.win32.x86_64_1.2.1100.v20240722-2106\eclipse_11904.dll
0x00007fff38c40000 - 0x00007fff38de5000 	C:\WINDOWS\System32\ole32.dll
0x00007fff35f10000 - 0x00007fff35f2b000 	C:\WINDOWS\SYSTEM32\CRYPTSP.dll
0x00007fff356f0000 - 0x00007fff35725000 	C:\WINDOWS\system32\rsaenh.dll
0x00007fff35db0000 - 0x00007fff35dd8000 	C:\WINDOWS\SYSTEM32\USERENV.dll
0x00007fff35f30000 - 0x00007fff35f3c000 	C:\WINDOWS\SYSTEM32\CRYPTBASE.dll
0x00007fff35200000 - 0x00007fff3522d000 	C:\WINDOWS\SYSTEM32\IPHLPAPI.DLL
0x00007fff37310000 - 0x00007fff37319000 	C:\WINDOWS\System32\NSI.dll
0x00007fff2f7d0000 - 0x00007fff2f7e9000 	C:\WINDOWS\SYSTEM32\dhcpcsvc6.DLL
0x00007fff2f710000 - 0x00007fff2f72f000 	C:\WINDOWS\SYSTEM32\dhcpcsvc.DLL
0x00007fff35230000 - 0x00007fff35332000 	C:\WINDOWS\SYSTEM32\DNSAPI.dll
0x00007fff1aee0000 - 0x00007fff1af29000 	C:\Users\yecar\AppData\Local\Temp\jna-114853192\jna8042810224958724199.dll
0x00007fff38ba0000 - 0x00007fff38ba8000 	C:\WINDOWS\System32\PSAPI.DLL
0x00007fff2d5a0000 - 0x00007fff2d5a9000 	C:\Users\yecar\.vscode\extensions\redhat.java-1.36.0-win32-x64\jre\17.0.13-win32-x86_64\bin\extnet.dll

dbghelp: loaded successfully - version: 4.0.5 - missing functions: none
symbol engine: initialized successfully - sym options: 0x614 - pdb path: .;c:\Users\yecar\.vscode\extensions\redhat.java-1.36.0-win32-x64\jre\17.0.13-win32-x86_64\bin;C:\WINDOWS\SYSTEM32;C:\WINDOWS\WinSxS\amd64_microsoft.windows.common-controls_6595b64144ccf1df_6.0.22621.4391_none_2715d37f73803e96;c:\Users\yecar\.vscode\extensions\redhat.java-1.36.0-win32-x64\jre\17.0.13-win32-x86_64\bin\server;C:\Users\yecar\AppData\Roaming\Code\User\globalStorage\redhat.java\1.36.0\config_win\org.eclipse.equinox.launcher\org.eclipse.equinox.launcher.win32.win32.x86_64_1.2.1100.v20240722-2106;C:\Users\yecar\AppData\Local\Temp\jna-114853192

VM Arguments:
jvm_args: --add-modules=ALL-SYSTEM --add-opens=java.base/java.util=ALL-UNNAMED --add-opens=java.base/java.lang=ALL-UNNAMED --add-opens=java.base/sun.nio.fs=ALL-UNNAMED -Declipse.application=org.eclipse.jdt.ls.core.id1 -Dosgi.bundles.defaultStartLevel=4 -Declipse.product=org.eclipse.jdt.ls.core.product -Djava.import.generatesMetadataFilesAtProjectRoot=false -DDetectVMInstallationsJob.disabled=true -Dfile.encoding=utf8 -XX:+UseParallelGC -XX:GCTimeRatio=4 -XX:AdaptiveSizePolicyWeight=90 -Dsun.zip.disableMemoryMapping=true -Xmx1G -Xms100m -Xlog:disable -javaagent:c:\Users\yecar\.vscode\extensions\redhat.java-1.36.0-win32-x64\lombok\lombok-1.18.35.jar -XX:+HeapDumpOnOutOfMemoryError -XX:HeapDumpPath=c:\Users\yecar\AppData\Roaming\Code\User\workspaceStorage\6f7b9669e8bb7421ec28483da9bbc9ef\redhat.java -Daether.dependencyCollector.impl=bf 
java_command: c:\Users\yecar\.vscode\extensions\redhat.java-1.36.0-win32-x64\server\plugins\org.eclipse.equinox.launcher_1.6.900.v20240613-2009.jar -configuration c:\Users\yecar\AppData\Roaming\Code\User\globalStorage\redhat.java\1.36.0\config_win -data c:\Users\yecar\AppData\Roaming\Code\User\workspaceStorage\6f7b9669e8bb7421ec28483da9bbc9ef\redhat.java\jdt_ws --pipe=\\.\pipe\lsp-8dcb9efad90b17c7ccd39a30101a83a3-sock
java_class_path (initial): c:\Users\yecar\.vscode\extensions\redhat.java-1.36.0-win32-x64\server\plugins\org.eclipse.equinox.launcher_1.6.900.v20240613-2009.jar
Launcher Type: SUN_STANDARD

[Global flags]
    uintx AdaptiveSizePolicyWeight                 = 90                                        {product} {command line}
     intx CICompilerCount                          = 3                                         {product} {ergonomic}
    uintx GCTimeRatio                              = 4                                         {product} {command line}
     bool HeapDumpOnOutOfMemoryError               = true                                   {manageable} {command line}
    ccstr HeapDumpPath                             = c:\Users\yecar\AppData\Roaming\Code\User\workspaceStorage\6f7b9669e8bb7421ec28483da9bbc9ef\redhat.java         {manageable} {command line}
   size_t InitialHeapSize                          = 104857600                                 {product} {command line}
   size_t MaxHeapSize                              = 1073741824                                {product} {command line}
   size_t MaxNewSize                               = 357564416                                 {product} {ergonomic}
   size_t MinHeapDeltaBytes                        = 524288                                    {product} {ergonomic}
   size_t MinHeapSize                              = 104857600                                 {product} {command line}
   size_t NewSize                                  = 34603008                                  {product} {ergonomic}
    uintx NonNMethodCodeHeapSize                   = 5832780                                {pd product} {ergonomic}
    uintx NonProfiledCodeHeapSize                  = 122912730                              {pd product} {ergonomic}
   size_t OldSize                                  = 70254592                                  {product} {ergonomic}
    uintx ProfiledCodeHeapSize                     = 122912730                              {pd product} {ergonomic}
    uintx ReservedCodeCacheSize                    = 251658240                              {pd product} {ergonomic}
     bool SegmentedCodeCache                       = true                                      {product} {ergonomic}
   size_t SoftMaxHeapSize                          = 1073741824                             {manageable} {ergonomic}
     bool UseCompressedClassPointers               = true                           {product lp64_product} {ergonomic}
     bool UseCompressedOops                        = true                           {product lp64_product} {ergonomic}
     bool UseLargePagesIndividualAllocation        = false                                  {pd product} {ergonomic}
     bool UseParallelGC                            = true                                      {product} {command line}

Logging:
Log output configuration:
 #0: stdout all=off uptime,level,tags
 #1: stderr all=off uptime,level,tags

Environment Variables:
PATH=C:\Program Files\Microsoft SQL Server\150\Tools\Binn\;C:\Program Files\Eclipse Adoptium\jdk-21.0.4.7-hotspot\bin;C:\Program Files\Common Files\Oracle\Java\javapath;C:\Program Files (x86)\Common Files\Oracle\Java\java8path;C:\Program Files (x86)\Common Files\Oracle\Java\javapath;C:\ProgramData\Oracle\Java\javapath;C:\WINDOWS\system32;C:\WINDOWS;C:\WINDOWS\System32\Wbem;C:\WINDOWS\System32\WindowsPowerShell\v1.0\;C:\WINDOWS\System32\OpenSSH\;C:\Users\yecar\AppData\Local\Programs\Python\Python313\Scripts;C:\Program Files\Git\cmd;C:\Program Files\nodejs\;C:\ProgramData\chocolatey\bin;C:\Users\yecar\AppData\Local\Programs\Python\Python313\Scripts\;C:\Users\yecar\AppData\Local\Programs\Python\Python313\;C:\Users\yecar\AppData\Local\Programs\Python\Launcher\;C:\Program Files\Python312\Scripts\;C:\Program Files\Python312\;C:\Users\yecar\AppData\Local\Programs\Python\Python312\Scripts\;C:\Users\yecar\AppData\Local\Programs\Python\Python312\;C:\Users\yecar\AppData\Local\Microsoft\WindowsApps;C:\Users\yecar\AppData\Local\Programs\Microsoft VS Code\bin;C:\Users\yecar\AppData\Roaming\npm
USERNAME=yecar
OS=Windows_NT
PROCESSOR_IDENTIFIER=Intel64 Family 6 Model 140 Stepping 1, GenuineIntel
TMP=C:\Users\yecar\AppData\Local\Temp
TEMP=C:\Users\yecar\AppData\Local\Temp



Periodic native trim disabled


---------------  S Y S T E M  ---------------

OS:
 Windows 11 , 64 bit Build 22621 (10.0.22621.4391)
OS uptime: 5 days 5:37 hours
Hyper-V role detected

CPU: total 4 (initial active 4) (2 cores per cpu, 2 threads per core) family 6 model 140 stepping 1 microcode 0x8a, cx8, cmov, fxsr, ht, mmx, 3dnowpref, sse, sse2, sse3, ssse3, sse4.1, sse4.2, popcnt, lzcnt, tsc, tscinvbit, avx, avx2, aes, erms, clmul, bmi1, bmi2, adx, avx512f, avx512dq, avx512cd, avx512bw, avx512vl, sha, fma, vzeroupper, avx512_vpopcntdq, avx512_vpclmulqdq, avx512_vaes, avx512_vnni, clflush, clflushopt, clwb, avx512_vbmi2, avx512_vbmi, hv
Processor Information for all 4 processors :
  Max Mhz: 2995, Current Mhz: 2995, Mhz Limit: 2995

Memory: 4k page, system-wide physical 7971M (402M free)
TotalPageFile size 16171M (AvailPageFile size 1M)
current process WorkingSet (physical memory assigned to process): 110M, peak: 647M
current process commit charge ("private bytes"): 524M, peak: 697M

vm_info: OpenJDK 64-Bit Server VM (17.0.13+11) for windows-amd64 JRE (17.0.13+11), built on Oct 16 2024 00:10:08 by "admin" with MS VC++ 17.7 (VS2022)

END.
