#
# There is insufficient memory for the Java Runtime Environment to continue.
# Native memory allocation (mmap) failed to map 65536 bytes. Error detail: Failed to commit metaspace.
# Possible reasons:
#   The system is out of physical RAM or swap space
#   This process is running with CompressedOops enabled, and the Java Heap may be blocking the growth of the native heap
# Possible solutions:
#   Reduce memory load on the system
#   Increase physical memory or swap space
#   Check if swap backing store is full
#   Decrease Java heap size (-Xmx/-Xms)
#   Decrease number of Java threads
#   Decrease Java thread stack sizes (-Xss)
#   Set larger code cache with -XX:ReservedCodeCacheSize=
#   JVM is running with Unscaled Compressed Oops mode in which the Java heap is
#     placed in the first 4GB address space. The Java Heap base address is the
#     maximum limit for the native heap growth. Please use -XX:HeapBaseMinAddress
#     to set the Java Heap base and to place the Java Heap above 4GB virtual address.
# This output file may be truncated or incomplete.
#
#  Out of Memory Error (virtualSpaceNode.cpp:110), pid=59856, tid=50040
#
# JRE version: OpenJDK Runtime Environment Temurin-17.0.13+11 (17.0.13+11) (build 17.0.13+11)
# Java VM: OpenJDK 64-Bit Server VM Temurin-17.0.13+11 (17.0.13+11, mixed mode, tiered, compressed oops, compressed class ptrs, parallel gc, windows-amd64)
# No core dump will be written. Minidumps are not enabled by default on client versions of Windows
#

---------------  S U M M A R Y ------------

Command Line: --add-modules=ALL-SYSTEM --add-opens=java.base/java.util=ALL-UNNAMED --add-opens=java.base/java.lang=ALL-UNNAMED --add-opens=java.base/sun.nio.fs=ALL-UNNAMED -Declipse.application=org.eclipse.jdt.ls.core.id1 -Dosgi.bundles.defaultStartLevel=4 -Declipse.product=org.eclipse.jdt.ls.core.product -Djava.import.generatesMetadataFilesAtProjectRoot=false -DDetectVMInstallationsJob.disabled=true -Dfile.encoding=utf8 -XX:+UseParallelGC -XX:GCTimeRatio=4 -XX:AdaptiveSizePolicyWeight=90 -Dsun.zip.disableMemoryMapping=true -Xmx1G -Xms100m -Xlog:disable -javaagent:c:\Users\yecar\.vscode\extensions\redhat.java-1.36.0-win32-x64\lombok\lombok-1.18.35.jar -XX:+HeapDumpOnOutOfMemoryError -XX:HeapDumpPath=c:\Users\yecar\AppData\Roaming\Code\User\workspaceStorage\6f7b9669e8bb7421ec28483da9bbc9ef\redhat.java -Daether.dependencyCollector.impl=bf c:\Users\yecar\.vscode\extensions\redhat.java-1.36.0-win32-x64\server\plugins\org.eclipse.equinox.launcher_1.6.900.v20240613-2009.jar -configuration c:\Users\yecar\AppData\Roaming\Code\User\globalStorage\redhat.java\1.36.0\config_win -data c:\Users\yecar\AppData\Roaming\Code\User\workspaceStorage\6f7b9669e8bb7421ec28483da9bbc9ef\redhat.java\jdt_ws --pipe=\\.\pipe\lsp-2a329129887e8e2e1535c8c30c7413ba-sock

Host: 11th Gen Intel(R) Core(TM) i3-1115G4 @ 3.00GHz, 4 cores, 7G,  Windows 11 , 64 bit Build 22621 (10.0.22621.4391)
Time: Tue Nov 19 11:38:58 2024 Hora est. Pacífico, Sudamérica elapsed time: 0.302824 seconds (0d 0h 0m 0s)

---------------  T H R E A D  ---------------

Current thread (0x0000000002a12540):  JavaThread "main" [_thread_in_vm, id=50040, stack(0x00000000020c0000,0x00000000021c0000)]

Stack: [0x00000000020c0000,0x00000000021c0000]
Native frames: (J=compiled Java code, j=interpreted, Vv=VM code, C=native code)
V  [jvm.dll+0x682a19]
V  [jvm.dll+0x839538]
V  [jvm.dll+0x83afe3]
V  [jvm.dll+0x83b653]
V  [jvm.dll+0x24704f]
V  [jvm.dll+0x83530d]
V  [jvm.dll+0x62762e]
V  [jvm.dll+0x62769a]
V  [jvm.dll+0x629ec3]
V  [jvm.dll+0x627ff6]
V  [jvm.dll+0x24493c]
V  [jvm.dll+0x6d93ad]
V  [jvm.dll+0x6d9d8f]
V  [jvm.dll+0x372395]
V  [jvm.dll+0x37223b]
V  [jvm.dll+0x372206]
V  [jvm.dll+0x371414]
V  [jvm.dll+0x3713b8]
V  [jvm.dll+0x38151a]
C  0x000000000cbeafbb

The last pc belongs to new (printed below).
Java frames: (J=compiled Java code, j=interpreted, Vv=VM code)
j  java.util.stream.StreamSupport.stream(Ljava/util/Spliterator;Z)Ljava/util/stream/Stream;+5 java.base@17.0.13
j  java.util.Collection.stream()Ljava/util/stream/Stream;+7 java.base@17.0.13
j  jdk.internal.module.DefaultRoots.compute(Ljava/lang/module/ModuleFinder;Ljava/lang/module/ModuleFinder;)Ljava/util/Set;+6 java.base@17.0.13
j  jdk.internal.module.ModuleBootstrap.boot2()Ljava/lang/ModuleLayer;+727 java.base@17.0.13
j  jdk.internal.module.ModuleBootstrap.boot()Ljava/lang/ModuleLayer;+64 java.base@17.0.13
j  java.lang.System.initPhase2(ZZ)I+0 java.base@17.0.13
v  ~StubRoutines::call_stub
new  187 new  [0x000000000cbeae20, 0x000000000cbeb040]  544 bytes
[MachCode]
  0x000000000cbeae20: 4883 ec08 | c5fa 1104 | 24eb 1f48 | 83ec 10c5 | fb11 0424 | eb14 4883 | ec10 4889 | 0424 48c7 
  0x000000000cbeae40: 4424 0800 | 0000 00eb | 0150 410f | b755 010f | cac1 ea10 | 488b 4de8 | 488b 4908 | 488b 4908 
  0x000000000cbeae60: 488b 4108 | 807c 1004 | 070f 85d6 | 0000 0066 | 8b54 d148 | 488b 4928 | 488b 4cd1 | 0851 80b9 
  0x000000000cbeae80: 3301 0000 | 040f 85b9 | 0000 008b | 5108 f7c2 | 0100 0000 | 0f85 aa00 | 0000 498b | 8708 0100 
  0x000000000cbeaea0: 0048 8d1c | 1049 3b9f | 1801 0000 | 0f87 9200 | 0000 4989 | 9f08 0100 | 00e9 0000 | 0000 4883 
  0x000000000cbeaec0: ea10 0f84 | 0f00 0000 | 33c9 c1ea | 0348 894c | d008 48ff | ca75 f648 | c700 0100 | 0000 5933 
  0x000000000cbeaee0: f689 700c | 48c1 e903 | 8948 0849 | ba7f c668 | cffe 7f00 | 0041 803a | 000f 8440 | 0000 0050 
  0x000000000cbeaf00: 488b c848 | 83ec 20f7 | c40f 0000 | 000f 841a | 0000 0048 | 83ec 0849 | ba80 861e | cffe 7f00 
  0x000000000cbeaf20: 0041 ffd2 | 4883 c408 | e90d 0000 | 0049 ba80 | 861e cffe | 7f00 0041 | ffd2 4883 | c420 58e9 
  0x000000000cbeaf40: cd00 0000 | 5948 8b55 | e848 8b52 | 0848 8b52 | 0845 0fb7 | 4501 410f | c841 c1e8 | 10e8 0500 
  0x000000000cbeaf60: 0000 e9aa | 0000 0048 | 8d44 2408 | 4c89 6dc0 | 498b cfc5 | f877 4989 | afa8 0200 | 0049 8987 
  0x000000000cbeaf80: 9802 0000 | 4883 ec20 | f7c4 0f00 | 0000 0f84 | 1a00 0000 | 4883 ec08 | 49ba 9014 | e8ce fe7f 
  0x000000000cbeafa0: 0000 41ff | d248 83c4 | 08e9 0d00 | 0000 49ba | 9014 e8ce | fe7f 0000 | 41ff d248 | 83c4 2049 
  0x000000000cbeafc0: c787 9802 | 0000 0000 | 0000 49c7 | 87a8 0200 | 0000 0000 | 0049 c787 | a002 0000 | 0000 0000 
  0x000000000cbeafe0: c5f8 7749 | 817f 0800 | 0000 000f | 8405 0000 | 00e9 0a5f | feff 498b | 87f0 0200 | 0049 c787 
  0x000000000cbeb000: f002 0000 | 0000 0000 | 4c8b 6dc0 | 4c8b 75c8 | c341 0fb6 | 5d03 4983 | c503 49ba | 0037 6bcf 
  0x000000000cbeb020: fe7f 0000 | 41ff 24da | 0000 0000 | 0000 0000 | 0000 0000 | 0000 0000 | 0000 0000 | 0000 0000 
[/MachCode]

---------------  P R O C E S S  ---------------

Threads class SMR info:
_java_thread_list=0x0000000016a69750, length=10, elements={
0x0000000002a12540, 0x0000000016a52030, 0x0000000016a52d80, 0x0000000016a69fc0,
0x0000000016a85df0, 0x0000000016a868c0, 0x0000000016a892a0, 0x0000000016a89f50,
0x000000001c30e900, 0x000000001c3135e0
}

Java Threads: ( => current thread )
=>0x0000000002a12540 JavaThread "main" [_thread_in_vm, id=50040, stack(0x00000000020c0000,0x00000000021c0000)]
  0x0000000016a52030 JavaThread "Reference Handler" daemon [_thread_blocked, id=61076, stack(0x000000001ba90000,0x000000001bb90000)]
  0x0000000016a52d80 JavaThread "Finalizer" daemon [_thread_blocked, id=61328, stack(0x000000001bb90000,0x000000001bc90000)]
  0x0000000016a69fc0 JavaThread "Signal Dispatcher" daemon [_thread_blocked, id=12152, stack(0x000000001bdc0000,0x000000001bec0000)]
  0x0000000016a85df0 JavaThread "Attach Listener" daemon [_thread_blocked, id=63300, stack(0x000000001bec0000,0x000000001bfc0000)]
  0x0000000016a868c0 JavaThread "Service Thread" daemon [_thread_blocked, id=61044, stack(0x000000001bfc0000,0x000000001c0c0000)]
  0x0000000016a892a0 JavaThread "Monitor Deflation Thread" daemon [_thread_blocked, id=63872, stack(0x000000001c0c0000,0x000000001c1c0000)]
  0x0000000016a89f50 JavaThread "C2 CompilerThread0" daemon [_thread_blocked, id=61340, stack(0x000000001c1c0000,0x000000001c2c0000)]
  0x000000001c30e900 JavaThread "C1 CompilerThread0" daemon [_thread_blocked, id=61648, stack(0x000000001c6c0000,0x000000001c7c0000)]
  0x000000001c3135e0 JavaThread "Sweeper thread" daemon [_thread_blocked, id=53704, stack(0x000000001c7c0000,0x000000001c8c0000)]

Other Threads:
  0x0000000002abecb0 VMThread "VM Thread" [stack: 0x000000001b990000,0x000000001ba90000] [id=11488]
  0x0000000002a279d0 GCTaskThread "GC Thread#0" [stack: 0x00000000025b0000,0x00000000026b0000] [id=63616]

Threads with active compile tasks:

VM state: not at safepoint (normal execution)

VM Mutex/Monitor currently owned by a thread:  ([mutex/lock_event])
[0x0000000002a0da40] Metaspace_lock - owner thread: 0x0000000002a12540

Heap address: 0x00000000c0000000, size: 1024 MB, Compressed Oops mode: 32-bit

CDS archive(s) not mapped
Compressed class space mapped at: 0x0000000100000000-0x0000000140000000, reserved size: 1073741824
Narrow klass base: 0x0000000000000000, Narrow klass shift: 3, Narrow klass range: 0x140000000

GC Precious Log:
 CPUs: 4 total, 4 available
 Memory: 7971M
 Large Page Support: Disabled
 NUMA Support: Disabled
 Compressed Oops: Enabled (32-bit)
 Alignments: Space 512K, Generation 512K, Heap 2M
 Heap Min Capacity: 100M
 Heap Initial Capacity: 100M
 Heap Max Capacity: 1G
 Pre-touch: Disabled
 Parallel Workers: 4

Heap:
 PSYoungGen      total 29696K, used 1024K [0x00000000eab00000, 0x00000000ecc00000, 0x0000000100000000)
  eden space 25600K, 4% used [0x00000000eab00000,0x00000000eac00138,0x00000000ec400000)
  from space 4096K, 0% used [0x00000000ec800000,0x00000000ec800000,0x00000000ecc00000)
  to   space 4096K, 0% used [0x00000000ec400000,0x00000000ec400000,0x00000000ec800000)
 ParOldGen       total 68608K, used 0K [0x00000000c0000000, 0x00000000c4300000, 0x00000000eab00000)
  object space 68608K, 0% used [0x00000000c0000000,0x00000000c0000000,0x00000000c4300000)
 Metaspace       used 3019K, committed 3072K, reserved 1114112K
  class space    used 269K, committed 320K, reserved 1048576K

Card table byte_map: [0x00000000023a0000,0x00000000025b0000] _byte_map_base: 0x0000000001da0000

Marking Bits: (ParMarkBitMap*) 0x00007ffecf6a6940
 Begin Bits: [0x00000000146a0000, 0x00000000156a0000)
 End Bits:   [0x00000000156a0000, 0x00000000166a0000)

Polling page: 0x0000000000580000

Metaspace:

Usage:
  Non-class:      2.69 MB used.
      Class:    269.16 KB used.
       Both:      2.95 MB used.

Virtual space:
  Non-class space:       64.00 MB reserved,       2.69 MB (  4%) committed,  1 nodes.
      Class space:        1.00 GB reserved,     320.00 KB ( <1%) committed,  1 nodes.
             Both:        1.06 GB reserved,       3.00 MB ( <1%) committed. 

Chunk freelists:
   Non-Class:  12.00 MB
       Class:  15.62 MB
        Both:  27.62 MB

MaxMetaspaceSize: unlimited
CompressedClassSpaceSize: 1.00 GB
Initial GC threshold: 21.00 MB
Current GC threshold: 21.00 MB
CDS: off
MetaspaceReclaimPolicy: balanced
 - commit_granule_bytes: 65536.
 - commit_granule_words: 8192.
 - virtual_space_node_default_size: 8388608.
 - enlarge_chunks_in_place: 1.
 - new_chunks_are_fully_committed: 0.
 - uncommit_free_chunks: 1.
 - use_allocation_guard: 0.
 - handle_deallocations: 1.


Internal statistics:

num_allocs_failed_limit: 0.
num_arena_births: 2.
num_arena_deaths: 0.
num_vsnodes_births: 2.
num_vsnodes_deaths: 0.
num_space_committed: 48.
num_space_uncommitted: 0.
num_chunks_returned_to_freelist: 0.
num_chunks_taken_from_freelist: 4.
num_chunk_merges: 0.
num_chunk_splits: 2.
num_chunks_enlarged: 0.
num_inconsistent_stats: 0.

CodeHeap 'non-profiled nmethods': size=120000Kb used=7Kb max_used=7Kb free=119992Kb
 bounds [0x000000000d170000, 0x000000000d3e0000, 0x00000000146a0000]
CodeHeap 'profiled nmethods': size=120000Kb used=35Kb max_used=35Kb free=119964Kb
 bounds [0x00000000056a0000, 0x0000000005910000, 0x000000000cbd0000]
CodeHeap 'non-nmethods': size=5760Kb used=1038Kb max_used=1040Kb free=4721Kb
 bounds [0x000000000cbd0000, 0x000000000ce40000, 0x000000000d170000]
 total_blobs=318 nmethods=35 adapters=198
 compilation: enabled
              stopped_count=0, restarted_count=0
 full_count=0

Compilation events (20 events):
Event: 0.284 Thread 0x000000001c30e900   22       3       java.lang.String::length (11 bytes)
Event: 0.284 Thread 0x0000000016a89f50   25       4       java.lang.Object::<init> (1 bytes)
Event: 0.284 Thread 0x000000001c30e900 nmethod 22 0x00000000056a6d10 code [0x00000000056a6ea0, 0x00000000056a7038]
Event: 0.284 Thread 0x000000001c30e900   23       1       java.lang.module.ModuleDescriptor::name (5 bytes)
Event: 0.284 Thread 0x000000001c30e900 nmethod 23 0x000000000d170790 code [0x000000000d170920, 0x000000000d1709f8]
Event: 0.284 Thread 0x0000000016a89f50 nmethod 25 0x000000000d170a90 code [0x000000000d170c00, 0x000000000d170c78]
Event: 0.284 Thread 0x000000001c30e900   26       1       java.lang.module.ModuleReference::descriptor (5 bytes)
Event: 0.284 Thread 0x000000001c30e900 nmethod 26 0x000000000d170d90 code [0x000000000d170f20, 0x000000000d170ff8]
Event: 0.284 Thread 0x000000001c30e900   27       3       java.net.URI::hash (33 bytes)
Event: 0.285 Thread 0x000000001c30e900 nmethod 27 0x00000000056a7110 code [0x00000000056a7300, 0x00000000056a7778]
Event: 0.294 Thread 0x000000001c30e900   29       3       java.util.ImmutableCollections$SetN$SetNIterator::hasNext (13 bytes)
Event: 0.295 Thread 0x000000001c30e900 nmethod 29 0x00000000056a7910 code [0x00000000056a7aa0, 0x00000000056a7bf8]
Event: 0.295 Thread 0x000000001c30e900   32       3       java.util.concurrent.ConcurrentHashMap::tabAt (22 bytes)
Event: 0.295 Thread 0x000000001c30e900 nmethod 32 0x00000000056a7c90 code [0x00000000056a7e40, 0x00000000056a80f8]
Event: 0.295 Thread 0x000000001c30e900   33       3       jdk.internal.misc.Unsafe::getReferenceAcquire (7 bytes)
Event: 0.295 Thread 0x000000001c30e900 nmethod 33 0x00000000056a8210 code [0x00000000056a83a0, 0x00000000056a84b8]
Event: 0.295 Thread 0x000000001c30e900   35       3       java.util.ImmutableCollections$SetN$SetNIterator::next (90 bytes)
Event: 0.295 Thread 0x000000001c30e900 nmethod 35 0x00000000056a8590 code [0x00000000056a8740, 0x00000000056a8a28]
Event: 0.295 Thread 0x000000001c30e900   34       3       java.util.concurrent.ConcurrentHashMap::spread (10 bytes)
Event: 0.295 Thread 0x000000001c30e900 nmethod 34 0x00000000056a8b90 code [0x00000000056a8d20, 0x00000000056a8e18]

GC Heap History (0 events):
No events

Dll operation events (1 events):
Event: 0.027 Loaded shared library c:\Users\yecar\.vscode\extensions\redhat.java-1.36.0-win32-x64\jre\17.0.13-win32-x86_64\bin\java.dll

Deoptimization events (0 events):
No events

Classes loaded (20 events):
Event: 0.296 Loading class java/util/Spliterators$EmptySpliterator$OfDouble
Event: 0.296 Loading class java/util/Spliterator$OfDouble
Event: 0.296 Loading class java/util/Spliterator$OfDouble done
Event: 0.296 Loading class java/util/Spliterators$EmptySpliterator$OfDouble done
Event: 0.296 Loading class java/util/Spliterators$IteratorSpliterator
Event: 0.296 Loading class java/util/Spliterators$IteratorSpliterator done
Event: 0.296 Loading class java/util/stream/StreamSupport
Event: 0.296 Loading class java/util/stream/StreamSupport done
Event: 0.296 Loading class java/util/stream/ReferencePipeline$Head
Event: 0.296 Loading class java/util/stream/ReferencePipeline
Event: 0.297 Loading class java/util/stream/Stream
Event: 0.297 Loading class java/util/stream/BaseStream
Event: 0.297 Loading class java/util/stream/BaseStream done
Event: 0.297 Loading class java/util/stream/Stream done
Event: 0.297 Loading class java/util/stream/AbstractPipeline
Event: 0.297 Loading class java/util/stream/PipelineHelper
Event: 0.297 Loading class java/util/stream/PipelineHelper done
Event: 0.297 Loading class java/util/stream/AbstractPipeline done
Event: 0.297 Loading class java/util/stream/ReferencePipeline done
Event: 0.297 Loading class java/util/stream/ReferencePipeline$Head done

Classes unloaded (0 events):
No events

Classes redefined (0 events):
No events

Internal exceptions (0 events):
No events

VM Operations (0 events):
No events

Memory protections (0 events):
No events

Nmethod flushes (0 events):
No events

Events (10 events):
Event: 0.138 Thread 0x0000000002a12540 Thread added: 0x0000000002a12540
Event: 0.186 Thread 0x0000000002a12540 Thread added: 0x0000000016a52030
Event: 0.187 Thread 0x0000000002a12540 Thread added: 0x0000000016a52d80
Event: 0.206 Thread 0x0000000002a12540 Thread added: 0x0000000016a69fc0
Event: 0.206 Thread 0x0000000002a12540 Thread added: 0x0000000016a85df0
Event: 0.206 Thread 0x0000000002a12540 Thread added: 0x0000000016a868c0
Event: 0.206 Thread 0x0000000002a12540 Thread added: 0x0000000016a892a0
Event: 0.206 Thread 0x0000000002a12540 Thread added: 0x0000000016a89f50
Event: 0.218 Thread 0x0000000002a12540 Thread added: 0x000000001c30e900
Event: 0.220 Thread 0x0000000002a12540 Thread added: 0x000000001c3135e0


Dynamic libraries:
0x00007ff7e2830000 - 0x00007ff7e283e000 	c:\Users\yecar\.vscode\extensions\redhat.java-1.36.0-win32-x64\jre\17.0.13-win32-x86_64\bin\java.exe
0x00007fff39410000 - 0x00007fff39627000 	C:\WINDOWS\SYSTEM32\ntdll.dll
0x00007fff388c0000 - 0x00007fff38984000 	C:\WINDOWS\System32\KERNEL32.DLL
0x00007fff36a10000 - 0x00007fff36dc9000 	C:\WINDOWS\System32\KERNELBASE.dll
0x00007fff368f0000 - 0x00007fff36a01000 	C:\WINDOWS\System32\ucrtbase.dll
0x00007fff19c60000 - 0x00007fff19c77000 	c:\Users\yecar\.vscode\extensions\redhat.java-1.36.0-win32-x64\jre\17.0.13-win32-x86_64\bin\jli.dll
0x00007fff389f0000 - 0x00007fff38b9e000 	C:\WINDOWS\System32\USER32.dll
0x00007fff37080000 - 0x00007fff370a6000 	C:\WINDOWS\System32\win32u.dll
0x00007fff38350000 - 0x00007fff38379000 	C:\WINDOWS\System32\GDI32.dll
0x00007fff36ec0000 - 0x00007fff36fdb000 	C:\WINDOWS\System32\gdi32full.dll
0x00007fff36fe0000 - 0x00007fff3707a000 	C:\WINDOWS\System32\msvcp_win.dll
0x00007fff19a20000 - 0x00007fff19a3e000 	c:\Users\yecar\.vscode\extensions\redhat.java-1.36.0-win32-x64\jre\17.0.13-win32-x86_64\bin\VCRUNTIME140.dll
0x00007fff256a0000 - 0x00007fff25932000 	C:\WINDOWS\WinSxS\amd64_microsoft.windows.common-controls_6595b64144ccf1df_6.0.22621.4391_none_2715d37f73803e96\COMCTL32.dll
0x00007fff37260000 - 0x00007fff37307000 	C:\WINDOWS\System32\msvcrt.dll
0x00007fff37d80000 - 0x00007fff37db1000 	C:\WINDOWS\System32\IMM32.DLL
0x00007fff25450000 - 0x00007fff2545c000 	c:\Users\yecar\.vscode\extensions\redhat.java-1.36.0-win32-x64\jre\17.0.13-win32-x86_64\bin\vcruntime140_1.dll
0x00007fff09d10000 - 0x00007fff09d9d000 	c:\Users\yecar\.vscode\extensions\redhat.java-1.36.0-win32-x64\jre\17.0.13-win32-x86_64\bin\msvcp140.dll
0x00007ffeceb00000 - 0x00007ffecf76b000 	c:\Users\yecar\.vscode\extensions\redhat.java-1.36.0-win32-x64\jre\17.0.13-win32-x86_64\bin\server\jvm.dll
0x00007fff381b0000 - 0x00007fff38262000 	C:\WINDOWS\System32\ADVAPI32.dll
0x00007fff371b0000 - 0x00007fff37257000 	C:\WINDOWS\System32\sechost.dll
0x00007fff36dd0000 - 0x00007fff36df8000 	C:\WINDOWS\System32\bcrypt.dll
0x00007fff38380000 - 0x00007fff38494000 	C:\WINDOWS\System32\RPCRT4.dll
0x00007fff38bb0000 - 0x00007fff38c21000 	C:\WINDOWS\System32\WS2_32.dll
0x00007fff358e0000 - 0x00007fff3592d000 	C:\WINDOWS\SYSTEM32\POWRPROF.dll
0x00007fff2f8a0000 - 0x00007fff2f8d4000 	C:\WINDOWS\SYSTEM32\WINMM.dll
0x00007fff2d900000 - 0x00007fff2d90a000 	C:\WINDOWS\SYSTEM32\VERSION.dll
0x00007fff358c0000 - 0x00007fff358d3000 	C:\WINDOWS\SYSTEM32\UMPDC.dll
0x00007fff357a0000 - 0x00007fff357b8000 	C:\WINDOWS\SYSTEM32\kernel.appcore.dll
0x00007fff25080000 - 0x00007fff2508a000 	c:\Users\yecar\.vscode\extensions\redhat.java-1.36.0-win32-x64\jre\17.0.13-win32-x86_64\bin\jimage.dll
0x00007fff33fc0000 - 0x00007fff341f2000 	C:\WINDOWS\SYSTEM32\DBGHELP.DLL
0x00007fff37dc0000 - 0x00007fff3814f000 	C:\WINDOWS\System32\combase.dll
0x00007fff38270000 - 0x00007fff38347000 	C:\WINDOWS\System32\OLEAUT32.dll
0x00007fff24b80000 - 0x00007fff24bb2000 	C:\WINDOWS\SYSTEM32\dbgcore.DLL
0x00007fff370b0000 - 0x00007fff3712b000 	C:\WINDOWS\System32\bcryptPrimitives.dll
0x00007fff24da0000 - 0x00007fff24dae000 	c:\Users\yecar\.vscode\extensions\redhat.java-1.36.0-win32-x64\jre\17.0.13-win32-x86_64\bin\instrument.dll
0x00007fff199f0000 - 0x00007fff19a15000 	c:\Users\yecar\.vscode\extensions\redhat.java-1.36.0-win32-x64\jre\17.0.13-win32-x86_64\bin\java.dll
0x00007fff19120000 - 0x00007fff19138000 	c:\Users\yecar\.vscode\extensions\redhat.java-1.36.0-win32-x64\jre\17.0.13-win32-x86_64\bin\zip.dll
0x00007fff374a0000 - 0x00007fff37d16000 	C:\WINDOWS\System32\SHELL32.dll
0x00007fff34600000 - 0x00007fff34f03000 	C:\WINDOWS\SYSTEM32\windows.storage.dll
0x00007fff344c0000 - 0x00007fff345ff000 	C:\WINDOWS\SYSTEM32\wintypes.dll
0x00007fff38760000 - 0x00007fff38859000 	C:\WINDOWS\System32\SHCORE.dll
0x00007fff37d20000 - 0x00007fff37d7e000 	C:\WINDOWS\System32\shlwapi.dll
0x00007fff36640000 - 0x00007fff3666b000 	C:\WINDOWS\SYSTEM32\profapi.dll

dbghelp: loaded successfully - version: 4.0.5 - missing functions: none
symbol engine: initialized successfully - sym options: 0x614 - pdb path: .;c:\Users\yecar\.vscode\extensions\redhat.java-1.36.0-win32-x64\jre\17.0.13-win32-x86_64\bin;C:\WINDOWS\SYSTEM32;C:\WINDOWS\WinSxS\amd64_microsoft.windows.common-controls_6595b64144ccf1df_6.0.22621.4391_none_2715d37f73803e96;c:\Users\yecar\.vscode\extensions\redhat.java-1.36.0-win32-x64\jre\17.0.13-win32-x86_64\bin\server

VM Arguments:
jvm_args: --add-modules=ALL-SYSTEM --add-opens=java.base/java.util=ALL-UNNAMED --add-opens=java.base/java.lang=ALL-UNNAMED --add-opens=java.base/sun.nio.fs=ALL-UNNAMED -Declipse.application=org.eclipse.jdt.ls.core.id1 -Dosgi.bundles.defaultStartLevel=4 -Declipse.product=org.eclipse.jdt.ls.core.product -Djava.import.generatesMetadataFilesAtProjectRoot=false -DDetectVMInstallationsJob.disabled=true -Dfile.encoding=utf8 -XX:+UseParallelGC -XX:GCTimeRatio=4 -XX:AdaptiveSizePolicyWeight=90 -Dsun.zip.disableMemoryMapping=true -Xmx1G -Xms100m -Xlog:disable -javaagent:c:\Users\yecar\.vscode\extensions\redhat.java-1.36.0-win32-x64\lombok\lombok-1.18.35.jar -XX:+HeapDumpOnOutOfMemoryError -XX:HeapDumpPath=c:\Users\yecar\AppData\Roaming\Code\User\workspaceStorage\6f7b9669e8bb7421ec28483da9bbc9ef\redhat.java -Daether.dependencyCollector.impl=bf 
java_command: c:\Users\yecar\.vscode\extensions\redhat.java-1.36.0-win32-x64\server\plugins\org.eclipse.equinox.launcher_1.6.900.v20240613-2009.jar -configuration c:\Users\yecar\AppData\Roaming\Code\User\globalStorage\redhat.java\1.36.0\config_win -data c:\Users\yecar\AppData\Roaming\Code\User\workspaceStorage\6f7b9669e8bb7421ec28483da9bbc9ef\redhat.java\jdt_ws --pipe=\\.\pipe\lsp-2a329129887e8e2e1535c8c30c7413ba-sock
java_class_path (initial): c:\Users\yecar\.vscode\extensions\redhat.java-1.36.0-win32-x64\server\plugins\org.eclipse.equinox.launcher_1.6.900.v20240613-2009.jar
Launcher Type: SUN_STANDARD

[Global flags]
    uintx AdaptiveSizePolicyWeight                 = 90                                        {product} {command line}
     intx CICompilerCount                          = 3                                         {product} {ergonomic}
    uintx GCTimeRatio                              = 4                                         {product} {command line}
     bool HeapDumpOnOutOfMemoryError               = true                                   {manageable} {command line}
    ccstr HeapDumpPath                             = c:\Users\yecar\AppData\Roaming\Code\User\workspaceStorage\6f7b9669e8bb7421ec28483da9bbc9ef\redhat.java         {manageable} {command line}
   size_t InitialHeapSize                          = 104857600                                 {product} {command line}
   size_t MaxHeapSize                              = 1073741824                                {product} {command line}
   size_t MaxNewSize                               = 357564416                                 {product} {ergonomic}
   size_t MinHeapDeltaBytes                        = 524288                                    {product} {ergonomic}
   size_t MinHeapSize                              = 104857600                                 {product} {command line}
   size_t NewSize                                  = 34603008                                  {product} {ergonomic}
    uintx NonNMethodCodeHeapSize                   = 5832780                                {pd product} {ergonomic}
    uintx NonProfiledCodeHeapSize                  = 122912730                              {pd product} {ergonomic}
   size_t OldSize                                  = 70254592                                  {product} {ergonomic}
    uintx ProfiledCodeHeapSize                     = 122912730                              {pd product} {ergonomic}
    uintx ReservedCodeCacheSize                    = 251658240                              {pd product} {ergonomic}
     bool SegmentedCodeCache                       = true                                      {product} {ergonomic}
   size_t SoftMaxHeapSize                          = 1073741824                             {manageable} {ergonomic}
     bool UseCompressedClassPointers               = true                           {product lp64_product} {ergonomic}
     bool UseCompressedOops                        = true                           {product lp64_product} {ergonomic}
     bool UseLargePagesIndividualAllocation        = false                                  {pd product} {ergonomic}
     bool UseParallelGC                            = true                                      {product} {command line}

Logging:
Log output configuration:
 #0: stdout all=off uptime,level,tags
 #1: stderr all=off uptime,level,tags

Environment Variables:
PATH=C:\Program Files\Microsoft SQL Server\150\Tools\Binn\;C:\Program Files\Eclipse Adoptium\jdk-21.0.4.7-hotspot\bin;C:\Program Files\Common Files\Oracle\Java\javapath;C:\Program Files (x86)\Common Files\Oracle\Java\java8path;C:\Program Files (x86)\Common Files\Oracle\Java\javapath;C:\ProgramData\Oracle\Java\javapath;C:\WINDOWS\system32;C:\WINDOWS;C:\WINDOWS\System32\Wbem;C:\WINDOWS\System32\WindowsPowerShell\v1.0\;C:\WINDOWS\System32\OpenSSH\;C:\Users\yecar\AppData\Local\Programs\Python\Python313\Scripts;C:\Program Files\Git\cmd;C:\Program Files\nodejs\;C:\ProgramData\chocolatey\bin;C:\Users\yecar\AppData\Local\Programs\Python\Python313\Scripts\;C:\Users\yecar\AppData\Local\Programs\Python\Python313\;C:\Users\yecar\AppData\Local\Programs\Python\Launcher\;C:\Program Files\Python312\Scripts\;C:\Program Files\Python312\;C:\Users\yecar\AppData\Local\Programs\Python\Python312\Scripts\;C:\Users\yecar\AppData\Local\Programs\Python\Python312\;C:\Users\yecar\AppData\Local\Microsoft\WindowsApps;C:\Users\yecar\AppData\Local\Programs\Microsoft VS Code\bin;C:\Users\yecar\AppData\Roaming\npm
USERNAME=yecar
OS=Windows_NT
PROCESSOR_IDENTIFIER=Intel64 Family 6 Model 140 Stepping 1, GenuineIntel
TMP=C:\Users\yecar\AppData\Local\Temp
TEMP=C:\Users\yecar\AppData\Local\Temp



Periodic native trim disabled


---------------  S Y S T E M  ---------------

OS:
 Windows 11 , 64 bit Build 22621 (10.0.22621.4391)
OS uptime: 5 days 5:39 hours
Hyper-V role detected

CPU: total 4 (initial active 4) (2 cores per cpu, 2 threads per core) family 6 model 140 stepping 1 microcode 0x8a, cx8, cmov, fxsr, ht, mmx, 3dnowpref, sse, sse2, sse3, ssse3, sse4.1, sse4.2, popcnt, lzcnt, tsc, tscinvbit, avx, avx2, aes, erms, clmul, bmi1, bmi2, adx, avx512f, avx512dq, avx512cd, avx512bw, avx512vl, sha, fma, vzeroupper, avx512_vpopcntdq, avx512_vpclmulqdq, avx512_vaes, avx512_vnni, clflush, clflushopt, clwb, avx512_vbmi2, avx512_vbmi, hv
Processor Information for all 4 processors :
  Max Mhz: 2995, Current Mhz: 2995, Mhz Limit: 2995

Memory: 4k page, system-wide physical 7971M (436M free)
TotalPageFile size 16171M (AvailPageFile size 141M)
current process WorkingSet (physical memory assigned to process): 25M, peak: 25M
current process commit charge ("private bytes"): 168M, peak: 168M

vm_info: OpenJDK 64-Bit Server VM (17.0.13+11) for windows-amd64 JRE (17.0.13+11), built on Oct 16 2024 00:10:08 by "admin" with MS VC++ 17.7 (VS2022)

END.
